[3.152s] Invoking command in '/home/emitaker/ros2_ws/src/basic_comm': PYTHONPATH=/home/emitaker/ros2_ws/build/basic_comm/prefix_override:/home/emitaker/.local/lib/python3.10/site-packages/colcon_core/task/python/colcon_distutils_commands:/home/emitaker/ros2_ws/install/basic_comm/lib/python3.10/site-packages:${PYTHONPATH} /usr/bin/python3 -W ignore:setup.py install is deprecated setup.py egg_info --egg-base ../../build/basic_comm build --build-base /home/emitaker/ros2_ws/build/basic_comm/build install --record /home/emitaker/ros2_ws/build/basic_comm/install.log --single-version-externally-managed install_data
[3.735s] running egg_info
[3.738s] writing ../../build/basic_comm/basic_comm.egg-info/PKG-INFO
[3.741s] writing dependency_links to ../../build/basic_comm/basic_comm.egg-info/dependency_links.txt
[3.744s] writing entry points to ../../build/basic_comm/basic_comm.egg-info/entry_points.txt
[3.745s] writing requirements to ../../build/basic_comm/basic_comm.egg-info/requires.txt
[3.747s] writing top-level names to ../../build/basic_comm/basic_comm.egg-info/top_level.txt
[3.754s] reading manifest file '../../build/basic_comm/basic_comm.egg-info/SOURCES.txt'
[3.758s] writing manifest file '../../build/basic_comm/basic_comm.egg-info/SOURCES.txt'
[3.758s] running build
[3.758s] running build_py
[3.760s] running install
[3.761s] running install_lib
[3.765s] running install_data
[3.766s] running install_egg_info
[3.769s] removing '/home/emitaker/ros2_ws/install/basic_comm/lib/python3.10/site-packages/basic_comm-0.0.0-py3.10.egg-info' (and everything under it)
[3.774s] Copying ../../build/basic_comm/basic_comm.egg-info to /home/emitaker/ros2_ws/install/basic_comm/lib/python3.10/site-packages/basic_comm-0.0.0-py3.10.egg-info
[3.778s] running install_scripts
[3.829s] Installing listener script to /home/emitaker/ros2_ws/install/basic_comm/lib/basic_comm
[3.832s] Installing talker script to /home/emitaker/ros2_ws/install/basic_comm/lib/basic_comm
[3.833s] writing list of installed files to '/home/emitaker/ros2_ws/build/basic_comm/install.log'
[3.941s] Invoked command in '/home/emitaker/ros2_ws/src/basic_comm' returned '0': PYTHONPATH=/home/emitaker/ros2_ws/build/basic_comm/prefix_override:/home/emitaker/.local/lib/python3.10/site-packages/colcon_core/task/python/colcon_distutils_commands:/home/emitaker/ros2_ws/install/basic_comm/lib/python3.10/site-packages:${PYTHONPATH} /usr/bin/python3 -W ignore:setup.py install is deprecated setup.py egg_info --egg-base ../../build/basic_comm build --build-base /home/emitaker/ros2_ws/build/basic_comm/build install --record /home/emitaker/ros2_ws/build/basic_comm/install.log --single-version-externally-managed install_data
