[2.205s] Invoking command in '/home/emitaker/ros2_ws/src/basic_comm': PYTHONPATH=/home/emitaker/ros2_ws/build/basic_comm/prefix_override:/home/emitaker/.local/lib/python3.10/site-packages/colcon_core/task/python/colcon_distutils_commands:/home/emitaker/ros2_ws/install/basic_comm/lib/python3.10/site-packages:${PYTHONPATH} /usr/bin/python3 -W ignore:setup.py install is deprecated setup.py egg_info --egg-base ../../build/basic_comm build --build-base /home/emitaker/ros2_ws/build/basic_comm/build install --record /home/emitaker/ros2_ws/build/basic_comm/install.log --single-version-externally-managed install_data
[2.818s] running egg_info
[2.823s] writing ../../build/basic_comm/basic_comm.egg-info/PKG-INFO
[2.824s] writing dependency_links to ../../build/basic_comm/basic_comm.egg-info/dependency_links.txt
[2.825s] writing entry points to ../../build/basic_comm/basic_comm.egg-info/entry_points.txt
[2.825s] writing requirements to ../../build/basic_comm/basic_comm.egg-info/requires.txt
[2.826s] writing top-level names to ../../build/basic_comm/basic_comm.egg-info/top_level.txt
[2.832s] reading manifest file '../../build/basic_comm/basic_comm.egg-info/SOURCES.txt'
[2.834s] writing manifest file '../../build/basic_comm/basic_comm.egg-info/SOURCES.txt'
[2.835s] running build
[2.835s] running build_py
[2.836s] running install
[2.837s] running install_lib
[2.841s] running install_data
[2.841s] running install_egg_info
[2.847s] removing '/home/emitaker/ros2_ws/install/basic_comm/lib/python3.10/site-packages/basic_comm-0.0.0-py3.10.egg-info' (and everything under it)
[2.847s] Copying ../../build/basic_comm/basic_comm.egg-info to /home/emitaker/ros2_ws/install/basic_comm/lib/python3.10/site-packages/basic_comm-0.0.0-py3.10.egg-info
[2.848s] running install_scripts
[2.946s] Installing listener script to /home/emitaker/ros2_ws/install/basic_comm/lib/basic_comm
[2.947s] Installing talker script to /home/emitaker/ros2_ws/install/basic_comm/lib/basic_comm
[2.947s] writing list of installed files to '/home/emitaker/ros2_ws/build/basic_comm/install.log'
[3.047s] Invoked command in '/home/emitaker/ros2_ws/src/basic_comm' returned '0': PYTHONPATH=/home/emitaker/ros2_ws/build/basic_comm/prefix_override:/home/emitaker/.local/lib/python3.10/site-packages/colcon_core/task/python/colcon_distutils_commands:/home/emitaker/ros2_ws/install/basic_comm/lib/python3.10/site-packages:${PYTHONPATH} /usr/bin/python3 -W ignore:setup.py install is deprecated setup.py egg_info --egg-base ../../build/basic_comm build --build-base /home/emitaker/ros2_ws/build/basic_comm/build install --record /home/emitaker/ros2_ws/build/basic_comm/install.log --single-version-externally-managed install_data
