[1.617s] Invoking command in '/home/emitaker/ros2_ws/src/basic_comm': PYTHONPATH=/home/emitaker/ros2_ws/build/basic_comm/prefix_override:/home/emitaker/.local/lib/python3.10/site-packages/colcon_core/task/python/colcon_distutils_commands:/home/emitaker/ros2_ws/install/basic_comm/lib/python3.10/site-packages:${PYTHONPATH} /usr/bin/python3 -W ignore:setup.py install is deprecated setup.py egg_info --egg-base ../../build/basic_comm build --build-base /home/emitaker/ros2_ws/build/basic_comm/build install --record /home/emitaker/ros2_ws/build/basic_comm/install.log --single-version-externally-managed install_data
[1.974s] running egg_info
[1.976s] writing ../../build/basic_comm/basic_comm.egg-info/PKG-INFO
[1.977s] writing dependency_links to ../../build/basic_comm/basic_comm.egg-info/dependency_links.txt
[1.978s] writing entry points to ../../build/basic_comm/basic_comm.egg-info/entry_points.txt
[1.978s] writing requirements to ../../build/basic_comm/basic_comm.egg-info/requires.txt
[1.978s] writing top-level names to ../../build/basic_comm/basic_comm.egg-info/top_level.txt
[1.981s] reading manifest file '../../build/basic_comm/basic_comm.egg-info/SOURCES.txt'
[1.983s] writing manifest file '../../build/basic_comm/basic_comm.egg-info/SOURCES.txt'
[1.983s] running build
[1.983s] running build_py
[1.983s] running install
[1.984s] running install_lib
[1.986s] running install_data
[1.987s] running install_egg_info
[1.989s] removing '/home/emitaker/ros2_ws/install/basic_comm/lib/python3.10/site-packages/basic_comm-0.0.0-py3.10.egg-info' (and everything under it)
[1.989s] Copying ../../build/basic_comm/basic_comm.egg-info to /home/emitaker/ros2_ws/install/basic_comm/lib/python3.10/site-packages/basic_comm-0.0.0-py3.10.egg-info
[1.992s] running install_scripts
[2.026s] Installing listener script to /home/emitaker/ros2_ws/install/basic_comm/lib/basic_comm
[2.026s] Installing talker script to /home/emitaker/ros2_ws/install/basic_comm/lib/basic_comm
[2.027s] writing list of installed files to '/home/emitaker/ros2_ws/build/basic_comm/install.log'
[2.097s] Invoked command in '/home/emitaker/ros2_ws/src/basic_comm' returned '0': PYTHONPATH=/home/emitaker/ros2_ws/build/basic_comm/prefix_override:/home/emitaker/.local/lib/python3.10/site-packages/colcon_core/task/python/colcon_distutils_commands:/home/emitaker/ros2_ws/install/basic_comm/lib/python3.10/site-packages:${PYTHONPATH} /usr/bin/python3 -W ignore:setup.py install is deprecated setup.py egg_info --egg-base ../../build/basic_comm build --build-base /home/emitaker/ros2_ws/build/basic_comm/build install --record /home/emitaker/ros2_ws/build/basic_comm/install.log --single-version-externally-managed install_data
