[2.341s] Invoking command in '/home/emitaker/ros2_ws/src/basic_comm': PYTHONPATH=/home/emitaker/ros2_ws/build/basic_comm/prefix_override:/home/emitaker/.local/lib/python3.10/site-packages/colcon_core/task/python/colcon_distutils_commands:/home/emitaker/ros2_ws/install/basic_comm/lib/python3.10/site-packages:${PYTHONPATH} /usr/bin/python3 -W ignore:setup.py install is deprecated setup.py egg_info --egg-base ../../build/basic_comm build --build-base /home/emitaker/ros2_ws/build/basic_comm/build install --record /home/emitaker/ros2_ws/build/basic_comm/install.log --single-version-externally-managed install_data
[3.952s] running egg_info
[3.955s] writing ../../build/basic_comm/basic_comm.egg-info/PKG-INFO
[3.957s] writing dependency_links to ../../build/basic_comm/basic_comm.egg-info/dependency_links.txt
[3.959s] writing entry points to ../../build/basic_comm/basic_comm.egg-info/entry_points.txt
[3.961s] writing requirements to ../../build/basic_comm/basic_comm.egg-info/requires.txt
[3.964s] writing top-level names to ../../build/basic_comm/basic_comm.egg-info/top_level.txt
[3.976s] reading manifest file '../../build/basic_comm/basic_comm.egg-info/SOURCES.txt'
[3.981s] writing manifest file '../../build/basic_comm/basic_comm.egg-info/SOURCES.txt'
[3.982s] running build
[3.982s] running build_py
[3.985s] running install
[3.986s] running install_lib
[3.993s] running install_data
[3.994s] running install_egg_info
[4.021s] removing '/home/emitaker/ros2_ws/install/basic_comm/lib/python3.10/site-packages/basic_comm-0.0.0-py3.10.egg-info' (and everything under it)
[4.025s] Copying ../../build/basic_comm/basic_comm.egg-info to /home/emitaker/ros2_ws/install/basic_comm/lib/python3.10/site-packages/basic_comm-0.0.0-py3.10.egg-info
[4.034s] running install_scripts
[4.328s] Installing listener script to /home/emitaker/ros2_ws/install/basic_comm/lib/basic_comm
[4.330s] Installing talker script to /home/emitaker/ros2_ws/install/basic_comm/lib/basic_comm
[4.334s] writing list of installed files to '/home/emitaker/ros2_ws/build/basic_comm/install.log'
[4.474s] Invoked command in '/home/emitaker/ros2_ws/src/basic_comm' returned '0': PYTHONPATH=/home/emitaker/ros2_ws/build/basic_comm/prefix_override:/home/emitaker/.local/lib/python3.10/site-packages/colcon_core/task/python/colcon_distutils_commands:/home/emitaker/ros2_ws/install/basic_comm/lib/python3.10/site-packages:${PYTHONPATH} /usr/bin/python3 -W ignore:setup.py install is deprecated setup.py egg_info --egg-base ../../build/basic_comm build --build-base /home/emitaker/ros2_ws/build/basic_comm/build install --record /home/emitaker/ros2_ws/build/basic_comm/install.log --single-version-externally-managed install_data
