[2.377s] Invoking command in '/home/emitaker/ros2_ws/src/urdf_tutorial_r2d2': PYTHONPATH=/home/emitaker/ros2_ws/build/urdf_tutorial_r2d2/prefix_override:/home/emitaker/.local/lib/python3.10/site-packages/colcon_core/task/python/colcon_distutils_commands:/home/emitaker/ros2_ws/install/urdf_tutorial_r2d2/lib/python3.10/site-packages:${PYTHONPATH} /usr/bin/python3 -W ignore:setup.py install is deprecated setup.py egg_info --egg-base ../../build/urdf_tutorial_r2d2 build --build-base /home/emitaker/ros2_ws/build/urdf_tutorial_r2d2/build install --record /home/emitaker/ros2_ws/build/urdf_tutorial_r2d2/install.log --single-version-externally-managed install_data
[2.986s] running egg_info
[2.988s] writing ../../build/urdf_tutorial_r2d2/urdf_tutorial_r2d2.egg-info/PKG-INFO
[2.989s] writing dependency_links to ../../build/urdf_tutorial_r2d2/urdf_tutorial_r2d2.egg-info/dependency_links.txt
[2.990s] writing entry points to ../../build/urdf_tutorial_r2d2/urdf_tutorial_r2d2.egg-info/entry_points.txt
[2.991s] writing requirements to ../../build/urdf_tutorial_r2d2/urdf_tutorial_r2d2.egg-info/requires.txt
[2.992s] writing top-level names to ../../build/urdf_tutorial_r2d2/urdf_tutorial_r2d2.egg-info/top_level.txt
[2.997s] reading manifest file '../../build/urdf_tutorial_r2d2/urdf_tutorial_r2d2.egg-info/SOURCES.txt'
[2.999s] writing manifest file '../../build/urdf_tutorial_r2d2/urdf_tutorial_r2d2.egg-info/SOURCES.txt'
[2.999s] running build
[2.999s] running build_py
[3.001s] copying urdf_tutorial_r2d2/lidar_publisher_slam.py -> /home/emitaker/ros2_ws/build/urdf_tutorial_r2d2/build/lib/urdf_tutorial_r2d2
[3.001s] running install
[3.001s] running install_lib
[3.004s] copying /home/emitaker/ros2_ws/build/urdf_tutorial_r2d2/build/lib/urdf_tutorial_r2d2/lidar_publisher_slam.py -> /home/emitaker/ros2_ws/install/urdf_tutorial_r2d2/lib/python3.10/site-packages/urdf_tutorial_r2d2
[3.005s] byte-compiling /home/emitaker/ros2_ws/install/urdf_tutorial_r2d2/lib/python3.10/site-packages/urdf_tutorial_r2d2/lidar_publisher_slam.py to lidar_publisher_slam.cpython-310.pyc
[3.009s] running install_data
[3.010s] running install_egg_info
[3.016s] removing '/home/emitaker/ros2_ws/install/urdf_tutorial_r2d2/lib/python3.10/site-packages/urdf_tutorial_r2d2-0.0.0-py3.10.egg-info' (and everything under it)
[3.017s] Copying ../../build/urdf_tutorial_r2d2/urdf_tutorial_r2d2.egg-info to /home/emitaker/ros2_ws/install/urdf_tutorial_r2d2/lib/python3.10/site-packages/urdf_tutorial_r2d2-0.0.0-py3.10.egg-info
[3.018s] running install_scripts
[3.078s] Installing dynamic script to /home/emitaker/ros2_ws/install/urdf_tutorial_r2d2/lib/urdf_tutorial_r2d2
[3.079s] Installing lidar_publisher script to /home/emitaker/ros2_ws/install/urdf_tutorial_r2d2/lib/urdf_tutorial_r2d2
[3.080s] Installing lidar_publisher_movement script to /home/emitaker/ros2_ws/install/urdf_tutorial_r2d2/lib/urdf_tutorial_r2d2
[3.081s] Installing lidar_publisher_slam script to /home/emitaker/ros2_ws/install/urdf_tutorial_r2d2/lib/urdf_tutorial_r2d2
[3.082s] Installing static script to /home/emitaker/ros2_ws/install/urdf_tutorial_r2d2/lib/urdf_tutorial_r2d2
[3.084s] writing list of installed files to '/home/emitaker/ros2_ws/build/urdf_tutorial_r2d2/install.log'
[3.247s] Invoked command in '/home/emitaker/ros2_ws/src/urdf_tutorial_r2d2' returned '0': PYTHONPATH=/home/emitaker/ros2_ws/build/urdf_tutorial_r2d2/prefix_override:/home/emitaker/.local/lib/python3.10/site-packages/colcon_core/task/python/colcon_distutils_commands:/home/emitaker/ros2_ws/install/urdf_tutorial_r2d2/lib/python3.10/site-packages:${PYTHONPATH} /usr/bin/python3 -W ignore:setup.py install is deprecated setup.py egg_info --egg-base ../../build/urdf_tutorial_r2d2 build --build-base /home/emitaker/ros2_ws/build/urdf_tutorial_r2d2/build install --record /home/emitaker/ros2_ws/build/urdf_tutorial_r2d2/install.log --single-version-externally-managed install_data
