[0.286s] DEBUG:colcon:Command line arguments: ['/home/emitaker/.local/bin/colcon', 'build']
[0.286s] DEBUG:colcon:Parsed command line arguments: Namespace(log_base=None, log_level=None, verb_name='build', build_base='build', install_base='install', merge_install=False, symlink_install=False, test_result_base=None, continue_on_error=False, executor='parallel', parallel_workers=6, event_handlers=None, ignore_user_meta=False, metas=['./colcon.meta'], base_paths=['.'], packages_ignore=None, packages_ignore_regex=None, paths=None, packages_up_to=None, packages_up_to_regex=None, packages_above=None, packages_above_and_dependencies=None, packages_above_depth=None, packages_select_by_dep=None, packages_skip_by_dep=None, packages_skip_up_to=None, packages_select_build_failed=False, packages_skip_build_finished=False, packages_select_test_failures=False, packages_skip_test_passed=False, packages_select=None, packages_skip=None, packages_select_regex=None, packages_skip_regex=None, packages_start=None, packages_end=None, allow_overriding=[], cmake_args=None, cmake_target=None, cmake_target_skip_unavailable=False, cmake_clean_cache=False, cmake_clean_first=False, cmake_force_configure=False, ament_cmake_args=None, catkin_cmake_args=None, catkin_skip_building_tests=False, verb_parser=<colcon_defaults.argument_parser.defaults.DefaultArgumentsDecorator object at 0x7652b09fa650>, verb_extension=<colcon_core.verb.build.BuildVerb object at 0x7652b09fa080>, main=<bound method BuildVerb.main of <colcon_core.verb.build.BuildVerb object at 0x7652b09fa080>>)
[0.591s] Level 1:colcon.colcon_core.package_discovery:discover_packages(colcon_meta) check parameters
[0.592s] Level 1:colcon.colcon_core.package_discovery:discover_packages(recursive) check parameters
[0.592s] Level 1:colcon.colcon_core.package_discovery:discover_packages(ignore) check parameters
[0.592s] Level 1:colcon.colcon_core.package_discovery:discover_packages(path) check parameters
[0.592s] Level 1:colcon.colcon_core.package_discovery:discover_packages(colcon_meta) discover
[0.593s] Level 1:colcon.colcon_core.package_discovery:discover_packages(recursive) discover
[0.593s] INFO:colcon.colcon_core.package_discovery:Crawling recursively for packages in '/home/emitaker/ros2_ws'
[0.593s] Level 1:colcon.colcon_core.package_identification:_identify(.) by extensions ['ignore', 'ignore_ament_install']
[0.594s] Level 1:colcon.colcon_core.package_identification:_identify(.) by extension 'ignore'
[0.594s] Level 1:colcon.colcon_core.package_identification:_identify(.) by extension 'ignore_ament_install'
[0.594s] Level 1:colcon.colcon_core.package_identification:_identify(.) by extensions ['colcon_pkg']
[0.594s] Level 1:colcon.colcon_core.package_identification:_identify(.) by extension 'colcon_pkg'
[0.594s] Level 1:colcon.colcon_core.package_identification:_identify(.) by extensions ['colcon_meta']
[0.594s] Level 1:colcon.colcon_core.package_identification:_identify(.) by extension 'colcon_meta'
[0.594s] Level 1:colcon.colcon_core.package_identification:_identify(.) by extensions ['ros']
[0.594s] Level 1:colcon.colcon_core.package_identification:_identify(.) by extension 'ros'
[0.620s] Level 1:colcon.colcon_core.package_identification:_identify(.) by extensions ['cmake', 'python']
[0.620s] Level 1:colcon.colcon_core.package_identification:_identify(.) by extension 'cmake'
[0.620s] Level 1:colcon.colcon_core.package_identification:_identify(.) by extension 'python'
[0.620s] Level 1:colcon.colcon_core.package_identification:_identify(.) by extensions ['python_setup_py']
[0.620s] Level 1:colcon.colcon_core.package_identification:_identify(.) by extension 'python_setup_py'
[0.621s] Level 1:colcon.colcon_core.package_identification:_identify(build) by extensions ['ignore', 'ignore_ament_install']
[0.621s] Level 1:colcon.colcon_core.package_identification:_identify(build) by extension 'ignore'
[0.621s] Level 1:colcon.colcon_core.package_identification:_identify(build) ignored
[0.622s] Level 1:colcon.colcon_core.package_identification:_identify(install) by extensions ['ignore', 'ignore_ament_install']
[0.623s] Level 1:colcon.colcon_core.package_identification:_identify(install) by extension 'ignore'
[0.623s] Level 1:colcon.colcon_core.package_identification:_identify(install) ignored
[0.624s] Level 1:colcon.colcon_core.package_identification:_identify(log) by extensions ['ignore', 'ignore_ament_install']
[0.624s] Level 1:colcon.colcon_core.package_identification:_identify(log) by extension 'ignore'
[0.624s] Level 1:colcon.colcon_core.package_identification:_identify(log) ignored
[0.624s] Level 1:colcon.colcon_core.package_identification:_identify(src) by extensions ['ignore', 'ignore_ament_install']
[0.624s] Level 1:colcon.colcon_core.package_identification:_identify(src) by extension 'ignore'
[0.625s] Level 1:colcon.colcon_core.package_identification:_identify(src) by extension 'ignore_ament_install'
[0.625s] Level 1:colcon.colcon_core.package_identification:_identify(src) by extensions ['colcon_pkg']
[0.625s] Level 1:colcon.colcon_core.package_identification:_identify(src) by extension 'colcon_pkg'
[0.625s] Level 1:colcon.colcon_core.package_identification:_identify(src) by extensions ['colcon_meta']
[0.625s] Level 1:colcon.colcon_core.package_identification:_identify(src) by extension 'colcon_meta'
[0.625s] Level 1:colcon.colcon_core.package_identification:_identify(src) by extensions ['ros']
[0.625s] Level 1:colcon.colcon_core.package_identification:_identify(src) by extension 'ros'
[0.625s] Level 1:colcon.colcon_core.package_identification:_identify(src) by extensions ['cmake', 'python']
[0.625s] Level 1:colcon.colcon_core.package_identification:_identify(src) by extension 'cmake'
[0.625s] Level 1:colcon.colcon_core.package_identification:_identify(src) by extension 'python'
[0.625s] Level 1:colcon.colcon_core.package_identification:_identify(src) by extensions ['python_setup_py']
[0.625s] Level 1:colcon.colcon_core.package_identification:_identify(src) by extension 'python_setup_py'
[0.625s] Level 1:colcon.colcon_core.package_identification:_identify(src/basic_comm) by extensions ['ignore', 'ignore_ament_install']
[0.626s] Level 1:colcon.colcon_core.package_identification:_identify(src/basic_comm) by extension 'ignore'
[0.626s] Level 1:colcon.colcon_core.package_identification:_identify(src/basic_comm) by extension 'ignore_ament_install'
[0.627s] Level 1:colcon.colcon_core.package_identification:_identify(src/basic_comm) by extensions ['colcon_pkg']
[0.627s] Level 1:colcon.colcon_core.package_identification:_identify(src/basic_comm) by extension 'colcon_pkg'
[0.627s] Level 1:colcon.colcon_core.package_identification:_identify(src/basic_comm) by extensions ['colcon_meta']
[0.627s] Level 1:colcon.colcon_core.package_identification:_identify(src/basic_comm) by extension 'colcon_meta'
[0.627s] Level 1:colcon.colcon_core.package_identification:_identify(src/basic_comm) by extensions ['ros']
[0.627s] Level 1:colcon.colcon_core.package_identification:_identify(src/basic_comm) by extension 'ros'
[0.635s] DEBUG:colcon.colcon_core.package_identification:Package 'src/basic_comm' with type 'ros.ament_python' and name 'basic_comm'
[0.636s] Level 1:colcon.colcon_core.package_identification:_identify(src/urdf_tutorial_r2d2) by extensions ['ignore', 'ignore_ament_install']
[0.636s] Level 1:colcon.colcon_core.package_identification:_identify(src/urdf_tutorial_r2d2) by extension 'ignore'
[0.636s] Level 1:colcon.colcon_core.package_identification:_identify(src/urdf_tutorial_r2d2) by extension 'ignore_ament_install'
[0.636s] Level 1:colcon.colcon_core.package_identification:_identify(src/urdf_tutorial_r2d2) by extensions ['colcon_pkg']
[0.636s] Level 1:colcon.colcon_core.package_identification:_identify(src/urdf_tutorial_r2d2) by extension 'colcon_pkg'
[0.637s] Level 1:colcon.colcon_core.package_identification:_identify(src/urdf_tutorial_r2d2) by extensions ['colcon_meta']
[0.637s] Level 1:colcon.colcon_core.package_identification:_identify(src/urdf_tutorial_r2d2) by extension 'colcon_meta'
[0.637s] Level 1:colcon.colcon_core.package_identification:_identify(src/urdf_tutorial_r2d2) by extensions ['ros']
[0.637s] Level 1:colcon.colcon_core.package_identification:_identify(src/urdf_tutorial_r2d2) by extension 'ros'
[0.639s] DEBUG:colcon.colcon_core.package_identification:Package 'src/urdf_tutorial_r2d2' with type 'ros.ament_python' and name 'urdf_tutorial_r2d2'
[0.639s] Level 1:colcon.colcon_core.package_discovery:discover_packages(recursive) using defaults
[0.639s] Level 1:colcon.colcon_core.package_discovery:discover_packages(ignore) discover
[0.639s] Level 1:colcon.colcon_core.package_discovery:discover_packages(ignore) using defaults
[0.639s] Level 1:colcon.colcon_core.package_discovery:discover_packages(path) discover
[0.639s] Level 1:colcon.colcon_core.package_discovery:discover_packages(path) using defaults
[0.686s] Level 1:colcon.colcon_core.package_discovery:discover_packages(prefix_path) check parameters
[0.686s] Level 1:colcon.colcon_core.package_discovery:discover_packages(prefix_path) discover
[0.689s] DEBUG:colcon.colcon_installed_package_information.package_discovery:Found 3 installed packages in /home/emitaker/ros2_ws/install
[0.692s] DEBUG:colcon.colcon_installed_package_information.package_discovery:Found 275 installed packages in /opt/ros/humble
[0.695s] Level 1:colcon.colcon_core.package_discovery:discover_packages(prefix_path) using defaults
[0.798s] Level 5:colcon.colcon_core.verb:set package 'basic_comm' build argument 'cmake_args' from command line to 'None'
[0.798s] Level 5:colcon.colcon_core.verb:set package 'basic_comm' build argument 'cmake_target' from command line to 'None'
[0.798s] Level 5:colcon.colcon_core.verb:set package 'basic_comm' build argument 'cmake_target_skip_unavailable' from command line to 'False'
[0.798s] Level 5:colcon.colcon_core.verb:set package 'basic_comm' build argument 'cmake_clean_cache' from command line to 'False'
[0.798s] Level 5:colcon.colcon_core.verb:set package 'basic_comm' build argument 'cmake_clean_first' from command line to 'False'
[0.798s] Level 5:colcon.colcon_core.verb:set package 'basic_comm' build argument 'cmake_force_configure' from command line to 'False'
[0.798s] Level 5:colcon.colcon_core.verb:set package 'basic_comm' build argument 'ament_cmake_args' from command line to 'None'
[0.798s] Level 5:colcon.colcon_core.verb:set package 'basic_comm' build argument 'catkin_cmake_args' from command line to 'None'
[0.798s] Level 5:colcon.colcon_core.verb:set package 'basic_comm' build argument 'catkin_skip_building_tests' from command line to 'False'
[0.798s] DEBUG:colcon.colcon_core.verb:Building package 'basic_comm' with the following arguments: {'ament_cmake_args': None, 'build_base': '/home/emitaker/ros2_ws/build/basic_comm', 'catkin_cmake_args': None, 'catkin_skip_building_tests': False, 'cmake_args': None, 'cmake_clean_cache': False, 'cmake_clean_first': False, 'cmake_force_configure': False, 'cmake_target': None, 'cmake_target_skip_unavailable': False, 'install_base': '/home/emitaker/ros2_ws/install/basic_comm', 'merge_install': False, 'path': '/home/emitaker/ros2_ws/src/basic_comm', 'symlink_install': False, 'test_result_base': None}
[0.799s] Level 5:colcon.colcon_core.verb:set package 'urdf_tutorial_r2d2' build argument 'cmake_args' from command line to 'None'
[0.799s] Level 5:colcon.colcon_core.verb:set package 'urdf_tutorial_r2d2' build argument 'cmake_target' from command line to 'None'
[0.799s] Level 5:colcon.colcon_core.verb:set package 'urdf_tutorial_r2d2' build argument 'cmake_target_skip_unavailable' from command line to 'False'
[0.799s] Level 5:colcon.colcon_core.verb:set package 'urdf_tutorial_r2d2' build argument 'cmake_clean_cache' from command line to 'False'
[0.799s] Level 5:colcon.colcon_core.verb:set package 'urdf_tutorial_r2d2' build argument 'cmake_clean_first' from command line to 'False'
[0.799s] Level 5:colcon.colcon_core.verb:set package 'urdf_tutorial_r2d2' build argument 'cmake_force_configure' from command line to 'False'
[0.799s] Level 5:colcon.colcon_core.verb:set package 'urdf_tutorial_r2d2' build argument 'ament_cmake_args' from command line to 'None'
[0.799s] Level 5:colcon.colcon_core.verb:set package 'urdf_tutorial_r2d2' build argument 'catkin_cmake_args' from command line to 'None'
[0.799s] Level 5:colcon.colcon_core.verb:set package 'urdf_tutorial_r2d2' build argument 'catkin_skip_building_tests' from command line to 'False'
[0.799s] DEBUG:colcon.colcon_core.verb:Building package 'urdf_tutorial_r2d2' with the following arguments: {'ament_cmake_args': None, 'build_base': '/home/emitaker/ros2_ws/build/urdf_tutorial_r2d2', 'catkin_cmake_args': None, 'catkin_skip_building_tests': False, 'cmake_args': None, 'cmake_clean_cache': False, 'cmake_clean_first': False, 'cmake_force_configure': False, 'cmake_target': None, 'cmake_target_skip_unavailable': False, 'install_base': '/home/emitaker/ros2_ws/install/urdf_tutorial_r2d2', 'merge_install': False, 'path': '/home/emitaker/ros2_ws/src/urdf_tutorial_r2d2', 'symlink_install': False, 'test_result_base': None}
[0.799s] INFO:colcon.colcon_core.executor:Executing jobs using 'parallel' executor
[0.802s] DEBUG:colcon.colcon_parallel_executor.executor.parallel:run_until_complete
[0.803s] INFO:colcon.colcon_ros.task.ament_python.build:Building ROS package in '/home/emitaker/ros2_ws/src/basic_comm' with build type 'ament_python'
[0.803s] Level 1:colcon.colcon_core.shell:create_environment_hook('basic_comm', 'ament_prefix_path')
[0.809s] INFO:colcon.colcon_core.plugin_system:Skipping extension 'colcon_core.shell.bat': Not used on non-Windows systems
[0.809s] INFO:colcon.colcon_core.shell:Creating environment hook '/home/emitaker/ros2_ws/install/basic_comm/share/basic_comm/hook/ament_prefix_path.ps1'
[0.811s] INFO:colcon.colcon_core.shell:Creating environment descriptor '/home/emitaker/ros2_ws/install/basic_comm/share/basic_comm/hook/ament_prefix_path.dsv'
[0.812s] INFO:colcon.colcon_core.shell:Creating environment hook '/home/emitaker/ros2_ws/install/basic_comm/share/basic_comm/hook/ament_prefix_path.sh'
[0.815s] INFO:colcon.colcon_core.shell:Skip shell extension 'powershell' for command environment: Not usable outside of PowerShell
[0.815s] DEBUG:colcon.colcon_core.shell:Skip shell extension 'dsv' for command environment
[0.825s] INFO:colcon.colcon_ros.task.ament_python.build:Building ROS package in '/home/emitaker/ros2_ws/src/urdf_tutorial_r2d2' with build type 'ament_python'
[0.826s] Level 1:colcon.colcon_core.shell:create_environment_hook('urdf_tutorial_r2d2', 'ament_prefix_path')
[0.826s] INFO:colcon.colcon_core.shell:Creating environment hook '/home/emitaker/ros2_ws/install/urdf_tutorial_r2d2/share/urdf_tutorial_r2d2/hook/ament_prefix_path.ps1'
[0.828s] INFO:colcon.colcon_core.shell:Creating environment descriptor '/home/emitaker/ros2_ws/install/urdf_tutorial_r2d2/share/urdf_tutorial_r2d2/hook/ament_prefix_path.dsv'
[0.829s] INFO:colcon.colcon_core.shell:Creating environment hook '/home/emitaker/ros2_ws/install/urdf_tutorial_r2d2/share/urdf_tutorial_r2d2/hook/ament_prefix_path.sh'
[0.830s] INFO:colcon.colcon_core.shell:Skip shell extension 'powershell' for command environment: Not usable outside of PowerShell
[0.830s] DEBUG:colcon.colcon_core.shell:Skip shell extension 'dsv' for command environment
[1.535s] INFO:colcon.colcon_core.task.python.build:Building Python package in '/home/emitaker/ros2_ws/src/basic_comm'
[1.536s] INFO:colcon.colcon_core.shell:Skip shell extension 'powershell' for command environment: Not usable outside of PowerShell
[1.536s] DEBUG:colcon.colcon_core.shell:Skip shell extension 'dsv' for command environment
[2.091s] INFO:colcon.colcon_core.task.python.build:Building Python package in '/home/emitaker/ros2_ws/src/urdf_tutorial_r2d2'
[2.092s] INFO:colcon.colcon_core.shell:Skip shell extension 'powershell' for command environment: Not usable outside of PowerShell
[2.092s] DEBUG:colcon.colcon_core.shell:Skip shell extension 'dsv' for command environment
[2.800s] DEBUG:colcon.colcon_core.event_handler.log_command:Invoking command in '/home/emitaker/ros2_ws/src/basic_comm': PYTHONPATH=/home/emitaker/ros2_ws/build/basic_comm/prefix_override:/home/emitaker/.local/lib/python3.10/site-packages/colcon_core/task/python/colcon_distutils_commands:/home/emitaker/ros2_ws/install/basic_comm/lib/python3.10/site-packages:${PYTHONPATH} /usr/bin/python3 -W ignore:setup.py install is deprecated setup.py egg_info --egg-base ../../build/basic_comm build --build-base /home/emitaker/ros2_ws/build/basic_comm/build install --record /home/emitaker/ros2_ws/build/basic_comm/install.log --single-version-externally-managed install_data
[2.820s] DEBUG:colcon.colcon_core.event_handler.log_command:Invoking command in '/home/emitaker/ros2_ws/src/urdf_tutorial_r2d2': PYTHONPATH=/home/emitaker/ros2_ws/build/urdf_tutorial_r2d2/prefix_override:/home/emitaker/.local/lib/python3.10/site-packages/colcon_core/task/python/colcon_distutils_commands:/home/emitaker/ros2_ws/install/urdf_tutorial_r2d2/lib/python3.10/site-packages:${PYTHONPATH} /usr/bin/python3 -W ignore:setup.py install is deprecated setup.py egg_info --egg-base ../../build/urdf_tutorial_r2d2 build --build-base /home/emitaker/ros2_ws/build/urdf_tutorial_r2d2/build install --record /home/emitaker/ros2_ws/build/urdf_tutorial_r2d2/install.log --single-version-externally-managed install_data
[3.390s] DEBUG:colcon.colcon_core.event_handler.log_command:Invoked command in '/home/emitaker/ros2_ws/src/basic_comm' returned '0': PYTHONPATH=/home/emitaker/ros2_ws/build/basic_comm/prefix_override:/home/emitaker/.local/lib/python3.10/site-packages/colcon_core/task/python/colcon_distutils_commands:/home/emitaker/ros2_ws/install/basic_comm/lib/python3.10/site-packages:${PYTHONPATH} /usr/bin/python3 -W ignore:setup.py install is deprecated setup.py egg_info --egg-base ../../build/basic_comm build --build-base /home/emitaker/ros2_ws/build/basic_comm/build install --record /home/emitaker/ros2_ws/build/basic_comm/install.log --single-version-externally-managed install_data
[3.394s] Level 1:colcon.colcon_core.environment:checking '/home/emitaker/ros2_ws/install/basic_comm' for CMake module files
[3.395s] Level 1:colcon.colcon_core.environment:checking '/home/emitaker/ros2_ws/install/basic_comm' for CMake config files
[3.396s] Level 1:colcon.colcon_core.environment:checking '/home/emitaker/ros2_ws/install/basic_comm/lib'
[3.397s] Level 1:colcon.colcon_core.environment:checking '/home/emitaker/ros2_ws/install/basic_comm/bin'
[3.397s] Level 1:colcon.colcon_core.environment:checking '/home/emitaker/ros2_ws/install/basic_comm/lib/pkgconfig/basic_comm.pc'
[3.398s] Level 1:colcon.colcon_core.environment:checking '/home/emitaker/ros2_ws/install/basic_comm/lib/python3.10/site-packages'
[3.398s] Level 1:colcon.colcon_core.shell:create_environment_hook('basic_comm', 'pythonpath')
[3.398s] INFO:colcon.colcon_core.shell:Creating environment hook '/home/emitaker/ros2_ws/install/basic_comm/share/basic_comm/hook/pythonpath.ps1'
[3.399s] INFO:colcon.colcon_core.shell:Creating environment descriptor '/home/emitaker/ros2_ws/install/basic_comm/share/basic_comm/hook/pythonpath.dsv'
[3.400s] INFO:colcon.colcon_core.shell:Creating environment hook '/home/emitaker/ros2_ws/install/basic_comm/share/basic_comm/hook/pythonpath.sh'
[3.402s] Level 1:colcon.colcon_core.environment:checking '/home/emitaker/ros2_ws/install/basic_comm/bin'
[3.402s] Level 1:colcon.colcon_core.environment:create_environment_scripts_only(basic_comm)
[3.402s] INFO:colcon.colcon_core.shell:Creating package script '/home/emitaker/ros2_ws/install/basic_comm/share/basic_comm/package.ps1'
[3.405s] INFO:colcon.colcon_core.shell:Creating package descriptor '/home/emitaker/ros2_ws/install/basic_comm/share/basic_comm/package.dsv'
[3.407s] INFO:colcon.colcon_core.shell:Creating package script '/home/emitaker/ros2_ws/install/basic_comm/share/basic_comm/package.sh'
[3.409s] INFO:colcon.colcon_core.shell:Creating package script '/home/emitaker/ros2_ws/install/basic_comm/share/basic_comm/package.bash'
[3.411s] INFO:colcon.colcon_core.shell:Creating package script '/home/emitaker/ros2_ws/install/basic_comm/share/basic_comm/package.zsh'
[3.412s] Level 1:colcon.colcon_core.environment:create_file_with_runtime_dependencies(/home/emitaker/ros2_ws/install/basic_comm/share/colcon-core/packages/basic_comm)
[3.463s] Level 1:colcon.colcon_core.environment:checking '/home/emitaker/ros2_ws/install/urdf_tutorial_r2d2' for CMake module files
[3.465s] DEBUG:colcon.colcon_core.event_handler.log_command:Invoked command in '/home/emitaker/ros2_ws/src/urdf_tutorial_r2d2' returned '0': PYTHONPATH=/home/emitaker/ros2_ws/build/urdf_tutorial_r2d2/prefix_override:/home/emitaker/.local/lib/python3.10/site-packages/colcon_core/task/python/colcon_distutils_commands:/home/emitaker/ros2_ws/install/urdf_tutorial_r2d2/lib/python3.10/site-packages:${PYTHONPATH} /usr/bin/python3 -W ignore:setup.py install is deprecated setup.py egg_info --egg-base ../../build/urdf_tutorial_r2d2 build --build-base /home/emitaker/ros2_ws/build/urdf_tutorial_r2d2/build install --record /home/emitaker/ros2_ws/build/urdf_tutorial_r2d2/install.log --single-version-externally-managed install_data
[3.466s] Level 1:colcon.colcon_core.environment:checking '/home/emitaker/ros2_ws/install/urdf_tutorial_r2d2' for CMake config files
[3.467s] Level 1:colcon.colcon_core.environment:checking '/home/emitaker/ros2_ws/install/urdf_tutorial_r2d2/lib'
[3.467s] Level 1:colcon.colcon_core.environment:checking '/home/emitaker/ros2_ws/install/urdf_tutorial_r2d2/bin'
[3.467s] Level 1:colcon.colcon_core.environment:checking '/home/emitaker/ros2_ws/install/urdf_tutorial_r2d2/lib/pkgconfig/urdf_tutorial_r2d2.pc'
[3.468s] Level 1:colcon.colcon_core.environment:checking '/home/emitaker/ros2_ws/install/urdf_tutorial_r2d2/lib/python3.10/site-packages'
[3.468s] Level 1:colcon.colcon_core.shell:create_environment_hook('urdf_tutorial_r2d2', 'pythonpath')
[3.469s] INFO:colcon.colcon_core.shell:Creating environment hook '/home/emitaker/ros2_ws/install/urdf_tutorial_r2d2/share/urdf_tutorial_r2d2/hook/pythonpath.ps1'
[3.470s] INFO:colcon.colcon_core.shell:Creating environment descriptor '/home/emitaker/ros2_ws/install/urdf_tutorial_r2d2/share/urdf_tutorial_r2d2/hook/pythonpath.dsv'
[3.471s] INFO:colcon.colcon_core.shell:Creating environment hook '/home/emitaker/ros2_ws/install/urdf_tutorial_r2d2/share/urdf_tutorial_r2d2/hook/pythonpath.sh'
[3.472s] Level 1:colcon.colcon_core.environment:checking '/home/emitaker/ros2_ws/install/urdf_tutorial_r2d2/bin'
[3.473s] Level 1:colcon.colcon_core.environment:create_environment_scripts_only(urdf_tutorial_r2d2)
[3.473s] INFO:colcon.colcon_core.shell:Creating package script '/home/emitaker/ros2_ws/install/urdf_tutorial_r2d2/share/urdf_tutorial_r2d2/package.ps1'
[3.475s] INFO:colcon.colcon_core.shell:Creating package descriptor '/home/emitaker/ros2_ws/install/urdf_tutorial_r2d2/share/urdf_tutorial_r2d2/package.dsv'
[3.476s] INFO:colcon.colcon_core.shell:Creating package script '/home/emitaker/ros2_ws/install/urdf_tutorial_r2d2/share/urdf_tutorial_r2d2/package.sh'
[3.478s] INFO:colcon.colcon_core.shell:Creating package script '/home/emitaker/ros2_ws/install/urdf_tutorial_r2d2/share/urdf_tutorial_r2d2/package.bash'
[3.480s] INFO:colcon.colcon_core.shell:Creating package script '/home/emitaker/ros2_ws/install/urdf_tutorial_r2d2/share/urdf_tutorial_r2d2/package.zsh'
[3.481s] Level 1:colcon.colcon_core.environment:create_file_with_runtime_dependencies(/home/emitaker/ros2_ws/install/urdf_tutorial_r2d2/share/colcon-core/packages/urdf_tutorial_r2d2)
[3.483s] DEBUG:colcon.colcon_parallel_executor.executor.parallel:closing loop
[3.483s] DEBUG:colcon.colcon_parallel_executor.executor.parallel:loop closed
[3.483s] DEBUG:colcon.colcon_parallel_executor.executor.parallel:run_until_complete finished with '0'
[3.483s] DEBUG:colcon.colcon_core.event_reactor:joining thread
[3.500s] INFO:colcon.colcon_core.plugin_system:Skipping extension 'colcon_notification.desktop_notification.terminal_notifier': Not used on non-Darwin systems
[3.500s] INFO:colcon.colcon_core.plugin_system:Skipping extension 'colcon_notification.desktop_notification.win32': Not used on non-Windows systems
[3.500s] INFO:colcon.colcon_notification.desktop_notification:Sending desktop notification using 'notify2'
[3.539s] DEBUG:colcon.colcon_core.event_reactor:joined thread
[3.539s] INFO:colcon.colcon_core.shell:Creating prefix script '/home/emitaker/ros2_ws/install/local_setup.ps1'
[3.541s] INFO:colcon.colcon_core.shell:Creating prefix util module '/home/emitaker/ros2_ws/install/_local_setup_util_ps1.py'
[3.544s] INFO:colcon.colcon_core.shell:Creating prefix chain script '/home/emitaker/ros2_ws/install/setup.ps1'
[3.547s] INFO:colcon.colcon_core.shell:Creating prefix script '/home/emitaker/ros2_ws/install/local_setup.sh'
[3.548s] INFO:colcon.colcon_core.shell:Creating prefix util module '/home/emitaker/ros2_ws/install/_local_setup_util_sh.py'
[3.549s] INFO:colcon.colcon_core.shell:Creating prefix chain script '/home/emitaker/ros2_ws/install/setup.sh'
[3.552s] INFO:colcon.colcon_core.shell:Creating prefix script '/home/emitaker/ros2_ws/install/local_setup.bash'
[3.554s] INFO:colcon.colcon_core.shell:Creating prefix chain script '/home/emitaker/ros2_ws/install/setup.bash'
[3.557s] INFO:colcon.colcon_core.shell:Creating prefix script '/home/emitaker/ros2_ws/install/local_setup.zsh'
[3.558s] INFO:colcon.colcon_core.shell:Creating prefix chain script '/home/emitaker/ros2_ws/install/setup.zsh'
