[3.357s] Invoking command in '/home/emitaker/ros2_ws/src/urdf_tutorial_r2d2': PYTHONPATH=/home/emitaker/ros2_ws/build/urdf_tutorial_r2d2/prefix_override:/home/emitaker/.local/lib/python3.10/site-packages/colcon_core/task/python/colcon_distutils_commands:/home/emitaker/ros2_ws/install/urdf_tutorial_r2d2/lib/python3.10/site-packages:${PYTHONPATH} /usr/bin/python3 -W ignore:setup.py install is deprecated setup.py egg_info --egg-base ../../build/urdf_tutorial_r2d2 build --build-base /home/emitaker/ros2_ws/build/urdf_tutorial_r2d2/build install --record /home/emitaker/ros2_ws/build/urdf_tutorial_r2d2/install.log --single-version-externally-managed install_data
[4.292s] running egg_info
[4.295s] writing ../../build/urdf_tutorial_r2d2/urdf_tutorial_r2d2.egg-info/PKG-INFO
[4.295s] writing dependency_links to ../../build/urdf_tutorial_r2d2/urdf_tutorial_r2d2.egg-info/dependency_links.txt
[4.296s] writing entry points to ../../build/urdf_tutorial_r2d2/urdf_tutorial_r2d2.egg-info/entry_points.txt
[4.296s] writing requirements to ../../build/urdf_tutorial_r2d2/urdf_tutorial_r2d2.egg-info/requires.txt
[4.298s] writing top-level names to ../../build/urdf_tutorial_r2d2/urdf_tutorial_r2d2.egg-info/top_level.txt
[4.304s] reading manifest file '../../build/urdf_tutorial_r2d2/urdf_tutorial_r2d2.egg-info/SOURCES.txt'
[4.307s] writing manifest file '../../build/urdf_tutorial_r2d2/urdf_tutorial_r2d2.egg-info/SOURCES.txt'
[4.308s] running build
[4.308s] running build_py
[4.309s] copying urdf_tutorial_r2d2/lidar_publisher_movement.py -> /home/emitaker/ros2_ws/build/urdf_tutorial_r2d2/build/lib/urdf_tutorial_r2d2
[4.310s] running install
[4.310s] running install_lib
[4.312s] copying /home/emitaker/ros2_ws/build/urdf_tutorial_r2d2/build/lib/urdf_tutorial_r2d2/lidar_publisher_movement.py -> /home/emitaker/ros2_ws/install/urdf_tutorial_r2d2/lib/python3.10/site-packages/urdf_tutorial_r2d2
[4.314s] byte-compiling /home/emitaker/ros2_ws/install/urdf_tutorial_r2d2/lib/python3.10/site-packages/urdf_tutorial_r2d2/lidar_publisher_movement.py to lidar_publisher_movement.cpython-310.pyc
[4.317s] running install_data
[4.317s] running install_egg_info
[4.324s] removing '/home/emitaker/ros2_ws/install/urdf_tutorial_r2d2/lib/python3.10/site-packages/urdf_tutorial_r2d2-0.0.0-py3.10.egg-info' (and everything under it)
[4.324s] Copying ../../build/urdf_tutorial_r2d2/urdf_tutorial_r2d2.egg-info to /home/emitaker/ros2_ws/install/urdf_tutorial_r2d2/lib/python3.10/site-packages/urdf_tutorial_r2d2-0.0.0-py3.10.egg-info
[4.326s] running install_scripts
[4.382s] Installing dynamic script to /home/emitaker/ros2_ws/install/urdf_tutorial_r2d2/lib/urdf_tutorial_r2d2
[4.382s] Installing lidar_publisher script to /home/emitaker/ros2_ws/install/urdf_tutorial_r2d2/lib/urdf_tutorial_r2d2
[4.384s] Installing lidar_publisher_movement script to /home/emitaker/ros2_ws/install/urdf_tutorial_r2d2/lib/urdf_tutorial_r2d2
[4.385s] Installing static script to /home/emitaker/ros2_ws/install/urdf_tutorial_r2d2/lib/urdf_tutorial_r2d2
[4.387s] writing list of installed files to '/home/emitaker/ros2_ws/build/urdf_tutorial_r2d2/install.log'
[4.542s] Invoked command in '/home/emitaker/ros2_ws/src/urdf_tutorial_r2d2' returned '0': PYTHONPATH=/home/emitaker/ros2_ws/build/urdf_tutorial_r2d2/prefix_override:/home/emitaker/.local/lib/python3.10/site-packages/colcon_core/task/python/colcon_distutils_commands:/home/emitaker/ros2_ws/install/urdf_tutorial_r2d2/lib/python3.10/site-packages:${PYTHONPATH} /usr/bin/python3 -W ignore:setup.py install is deprecated setup.py egg_info --egg-base ../../build/urdf_tutorial_r2d2 build --build-base /home/emitaker/ros2_ws/build/urdf_tutorial_r2d2/build install --record /home/emitaker/ros2_ws/build/urdf_tutorial_r2d2/install.log --single-version-externally-managed install_data
