[1.728s] Invoking command in '/home/emitaker/ros2_ws/src/urdf_tutorial_r2d2': PYTHONPATH=/home/emitaker/ros2_ws/build/urdf_tutorial_r2d2/prefix_override:/home/emitaker/.local/lib/python3.10/site-packages/colcon_core/task/python/colcon_distutils_commands:/home/emitaker/ros2_ws/install/urdf_tutorial_r2d2/lib/python3.10/site-packages:${PYTHONPATH} /usr/bin/python3 -W ignore:setup.py install is deprecated setup.py egg_info --egg-base ../../build/urdf_tutorial_r2d2 build --build-base /home/emitaker/ros2_ws/build/urdf_tutorial_r2d2/build install --record /home/emitaker/ros2_ws/build/urdf_tutorial_r2d2/install.log --single-version-externally-managed install_data
[2.199s] running egg_info
[2.201s] writing ../../build/urdf_tutorial_r2d2/urdf_tutorial_r2d2.egg-info/PKG-INFO
[2.204s] writing dependency_links to ../../build/urdf_tutorial_r2d2/urdf_tutorial_r2d2.egg-info/dependency_links.txt
[2.204s] writing entry points to ../../build/urdf_tutorial_r2d2/urdf_tutorial_r2d2.egg-info/entry_points.txt
[2.204s] writing requirements to ../../build/urdf_tutorial_r2d2/urdf_tutorial_r2d2.egg-info/requires.txt
[2.204s] writing top-level names to ../../build/urdf_tutorial_r2d2/urdf_tutorial_r2d2.egg-info/top_level.txt
[2.209s] reading manifest file '../../build/urdf_tutorial_r2d2/urdf_tutorial_r2d2.egg-info/SOURCES.txt'
[2.212s] writing manifest file '../../build/urdf_tutorial_r2d2/urdf_tutorial_r2d2.egg-info/SOURCES.txt'
[2.213s] running build
[2.213s] running build_py
[2.213s] copying urdf_tutorial_r2d2/lidar_publisher_movement.py -> /home/emitaker/ros2_ws/build/urdf_tutorial_r2d2/build/lib/urdf_tutorial_r2d2
[2.214s] running install
[2.214s] running install_lib
[2.216s] copying /home/emitaker/ros2_ws/build/urdf_tutorial_r2d2/build/lib/urdf_tutorial_r2d2/lidar_publisher_movement.py -> /home/emitaker/ros2_ws/install/urdf_tutorial_r2d2/lib/python3.10/site-packages/urdf_tutorial_r2d2
[2.218s] byte-compiling /home/emitaker/ros2_ws/install/urdf_tutorial_r2d2/lib/python3.10/site-packages/urdf_tutorial_r2d2/lidar_publisher_movement.py to lidar_publisher_movement.cpython-310.pyc
[2.221s] running install_data
[2.222s] running install_egg_info
[2.226s] removing '/home/emitaker/ros2_ws/install/urdf_tutorial_r2d2/lib/python3.10/site-packages/urdf_tutorial_r2d2-0.0.0-py3.10.egg-info' (and everything under it)
[2.226s] Copying ../../build/urdf_tutorial_r2d2/urdf_tutorial_r2d2.egg-info to /home/emitaker/ros2_ws/install/urdf_tutorial_r2d2/lib/python3.10/site-packages/urdf_tutorial_r2d2-0.0.0-py3.10.egg-info
[2.228s] running install_scripts
[2.279s] Installing dynamic script to /home/emitaker/ros2_ws/install/urdf_tutorial_r2d2/lib/urdf_tutorial_r2d2
[2.280s] Installing lidar_publisher script to /home/emitaker/ros2_ws/install/urdf_tutorial_r2d2/lib/urdf_tutorial_r2d2
[2.280s] Installing lidar_publisher_movement script to /home/emitaker/ros2_ws/install/urdf_tutorial_r2d2/lib/urdf_tutorial_r2d2
[2.280s] Installing static script to /home/emitaker/ros2_ws/install/urdf_tutorial_r2d2/lib/urdf_tutorial_r2d2
[2.282s] writing list of installed files to '/home/emitaker/ros2_ws/build/urdf_tutorial_r2d2/install.log'
[2.389s] Invoked command in '/home/emitaker/ros2_ws/src/urdf_tutorial_r2d2' returned '0': PYTHONPATH=/home/emitaker/ros2_ws/build/urdf_tutorial_r2d2/prefix_override:/home/emitaker/.local/lib/python3.10/site-packages/colcon_core/task/python/colcon_distutils_commands:/home/emitaker/ros2_ws/install/urdf_tutorial_r2d2/lib/python3.10/site-packages:${PYTHONPATH} /usr/bin/python3 -W ignore:setup.py install is deprecated setup.py egg_info --egg-base ../../build/urdf_tutorial_r2d2 build --build-base /home/emitaker/ros2_ws/build/urdf_tutorial_r2d2/build install --record /home/emitaker/ros2_ws/build/urdf_tutorial_r2d2/install.log --single-version-externally-managed install_data
