[1.068s] Invoking command in '/home/emitaker/ros2_ws/src/basic_comm': PYTHONPATH=/home/emitaker/ros2_ws/build/basic_comm/prefix_override:/home/emitaker/.local/lib/python3.10/site-packages/colcon_core/task/python/colcon_distutils_commands:/home/emitaker/ros2_ws/install/basic_comm/lib/python3.10/site-packages:${PYTHONPATH} /usr/bin/python3 -W ignore:setup.py install is deprecated setup.py egg_info --egg-base ../../build/basic_comm build --build-base /home/emitaker/ros2_ws/build/basic_comm/build install --record /home/emitaker/ros2_ws/build/basic_comm/install.log --single-version-externally-managed install_data
[1.363s] running egg_info
[1.365s] writing ../../build/basic_comm/basic_comm.egg-info/PKG-INFO
[1.366s] writing dependency_links to ../../build/basic_comm/basic_comm.egg-info/dependency_links.txt
[1.366s] writing entry points to ../../build/basic_comm/basic_comm.egg-info/entry_points.txt
[1.366s] writing requirements to ../../build/basic_comm/basic_comm.egg-info/requires.txt
[1.367s] writing top-level names to ../../build/basic_comm/basic_comm.egg-info/top_level.txt
[1.369s] reading manifest file '../../build/basic_comm/basic_comm.egg-info/SOURCES.txt'
[1.370s] writing manifest file '../../build/basic_comm/basic_comm.egg-info/SOURCES.txt'
[1.370s] running build
[1.370s] running build_py
[1.371s] running install
[1.371s] running install_lib
[1.373s] running install_data
[1.374s] running install_egg_info
[1.376s] removing '/home/emitaker/ros2_ws/install/basic_comm/lib/python3.10/site-packages/basic_comm-0.0.0-py3.10.egg-info' (and everything under it)
[1.377s] Copying ../../build/basic_comm/basic_comm.egg-info to /home/emitaker/ros2_ws/install/basic_comm/lib/python3.10/site-packages/basic_comm-0.0.0-py3.10.egg-info
[1.378s] running install_scripts
[1.411s] Installing listener script to /home/emitaker/ros2_ws/install/basic_comm/lib/basic_comm
[1.412s] Installing talker script to /home/emitaker/ros2_ws/install/basic_comm/lib/basic_comm
[1.412s] writing list of installed files to '/home/emitaker/ros2_ws/build/basic_comm/install.log'
[1.461s] Invoked command in '/home/emitaker/ros2_ws/src/basic_comm' returned '0': PYTHONPATH=/home/emitaker/ros2_ws/build/basic_comm/prefix_override:/home/emitaker/.local/lib/python3.10/site-packages/colcon_core/task/python/colcon_distutils_commands:/home/emitaker/ros2_ws/install/basic_comm/lib/python3.10/site-packages:${PYTHONPATH} /usr/bin/python3 -W ignore:setup.py install is deprecated setup.py egg_info --egg-base ../../build/basic_comm build --build-base /home/emitaker/ros2_ws/build/basic_comm/build install --record /home/emitaker/ros2_ws/build/basic_comm/install.log --single-version-externally-managed install_data
