[2.369s] Invoking command in '/home/emitaker/ros2_ws/src/basic_comm': PYTHONPATH=/home/emitaker/ros2_ws/build/basic_comm/prefix_override:/home/emitaker/.local/lib/python3.10/site-packages/colcon_core/task/python/colcon_distutils_commands:/home/emitaker/ros2_ws/install/basic_comm/lib/python3.10/site-packages:${PYTHONPATH} /usr/bin/python3 -W ignore:setup.py install is deprecated setup.py egg_info --egg-base ../../build/basic_comm build --build-base /home/emitaker/ros2_ws/build/basic_comm/build install --record /home/emitaker/ros2_ws/build/basic_comm/install.log --single-version-externally-managed install_data
[2.940s] running egg_info
[2.942s] writing ../../build/basic_comm/basic_comm.egg-info/PKG-INFO
[2.943s] writing dependency_links to ../../build/basic_comm/basic_comm.egg-info/dependency_links.txt
[2.945s] writing entry points to ../../build/basic_comm/basic_comm.egg-info/entry_points.txt
[2.945s] writing requirements to ../../build/basic_comm/basic_comm.egg-info/requires.txt
[2.945s] writing top-level names to ../../build/basic_comm/basic_comm.egg-info/top_level.txt
[2.949s] reading manifest file '../../build/basic_comm/basic_comm.egg-info/SOURCES.txt'
[2.952s] writing manifest file '../../build/basic_comm/basic_comm.egg-info/SOURCES.txt'
[2.952s] running build
[2.952s] running build_py
[2.953s] running install
[2.954s] running install_lib
[2.963s] running install_data
[2.963s] running install_egg_info
[2.963s] removing '/home/emitaker/ros2_ws/install/basic_comm/lib/python3.10/site-packages/basic_comm-0.0.0-py3.10.egg-info' (and everything under it)
[2.966s] Copying ../../build/basic_comm/basic_comm.egg-info to /home/emitaker/ros2_ws/install/basic_comm/lib/python3.10/site-packages/basic_comm-0.0.0-py3.10.egg-info
[2.970s] running install_scripts
[3.033s] Installing listener script to /home/emitaker/ros2_ws/install/basic_comm/lib/basic_comm
[3.034s] Installing talker script to /home/emitaker/ros2_ws/install/basic_comm/lib/basic_comm
[3.035s] writing list of installed files to '/home/emitaker/ros2_ws/build/basic_comm/install.log'
[3.178s] Invoked command in '/home/emitaker/ros2_ws/src/basic_comm' returned '0': PYTHONPATH=/home/emitaker/ros2_ws/build/basic_comm/prefix_override:/home/emitaker/.local/lib/python3.10/site-packages/colcon_core/task/python/colcon_distutils_commands:/home/emitaker/ros2_ws/install/basic_comm/lib/python3.10/site-packages:${PYTHONPATH} /usr/bin/python3 -W ignore:setup.py install is deprecated setup.py egg_info --egg-base ../../build/basic_comm build --build-base /home/emitaker/ros2_ws/build/basic_comm/build install --record /home/emitaker/ros2_ws/build/basic_comm/install.log --single-version-externally-managed install_data
