[2.399s] Invoking command in '/home/emitaker/ros2_ws/src/basic_comm': PYTHONPATH=/home/emitaker/ros2_ws/build/basic_comm/prefix_override:/home/emitaker/.local/lib/python3.10/site-packages/colcon_core/task/python/colcon_distutils_commands:/home/emitaker/ros2_ws/install/basic_comm/lib/python3.10/site-packages:${PYTHONPATH} /usr/bin/python3 -W ignore:setup.py install is deprecated setup.py egg_info --egg-base ../../build/basic_comm build --build-base /home/emitaker/ros2_ws/build/basic_comm/build install --record /home/emitaker/ros2_ws/build/basic_comm/install.log --single-version-externally-managed install_data
[2.921s] running egg_info
[2.923s] writing ../../build/basic_comm/basic_comm.egg-info/PKG-INFO
[2.928s] writing dependency_links to ../../build/basic_comm/basic_comm.egg-info/dependency_links.txt
[2.929s] writing entry points to ../../build/basic_comm/basic_comm.egg-info/entry_points.txt
[2.930s] writing requirements to ../../build/basic_comm/basic_comm.egg-info/requires.txt
[2.931s] writing top-level names to ../../build/basic_comm/basic_comm.egg-info/top_level.txt
[2.936s] reading manifest file '../../build/basic_comm/basic_comm.egg-info/SOURCES.txt'
[2.940s] writing manifest file '../../build/basic_comm/basic_comm.egg-info/SOURCES.txt'
[2.940s] running build
[2.940s] running build_py
[2.944s] running install
[2.944s] running install_lib
[2.950s] running install_data
[2.952s] running install_egg_info
[2.956s] removing '/home/emitaker/ros2_ws/install/basic_comm/lib/python3.10/site-packages/basic_comm-0.0.0-py3.10.egg-info' (and everything under it)
[2.960s] Copying ../../build/basic_comm/basic_comm.egg-info to /home/emitaker/ros2_ws/install/basic_comm/lib/python3.10/site-packages/basic_comm-0.0.0-py3.10.egg-info
[2.968s] running install_scripts
[3.025s] Installing listener script to /home/emitaker/ros2_ws/install/basic_comm/lib/basic_comm
[3.025s] Installing talker script to /home/emitaker/ros2_ws/install/basic_comm/lib/basic_comm
[3.026s] writing list of installed files to '/home/emitaker/ros2_ws/build/basic_comm/install.log'
[3.142s] Invoked command in '/home/emitaker/ros2_ws/src/basic_comm' returned '0': PYTHONPATH=/home/emitaker/ros2_ws/build/basic_comm/prefix_override:/home/emitaker/.local/lib/python3.10/site-packages/colcon_core/task/python/colcon_distutils_commands:/home/emitaker/ros2_ws/install/basic_comm/lib/python3.10/site-packages:${PYTHONPATH} /usr/bin/python3 -W ignore:setup.py install is deprecated setup.py egg_info --egg-base ../../build/basic_comm build --build-base /home/emitaker/ros2_ws/build/basic_comm/build install --record /home/emitaker/ros2_ws/build/basic_comm/install.log --single-version-externally-managed install_data
