[2.905s] Invoking command in '/home/emitaker/ros2_ws/src/basic_comm': PYTHONPATH=/home/emitaker/ros2_ws/build/basic_comm/prefix_override:/home/emitaker/.local/lib/python3.10/site-packages/colcon_core/task/python/colcon_distutils_commands:/home/emitaker/ros2_ws/install/basic_comm/lib/python3.10/site-packages:${PYTHONPATH} /usr/bin/python3 -W ignore:setup.py install is deprecated setup.py egg_info --egg-base ../../build/basic_comm build --build-base /home/emitaker/ros2_ws/build/basic_comm/build install --record /home/emitaker/ros2_ws/build/basic_comm/install.log --single-version-externally-managed install_data
[3.210s] running egg_info
[3.211s] writing ../../build/basic_comm/basic_comm.egg-info/PKG-INFO
[3.213s] writing dependency_links to ../../build/basic_comm/basic_comm.egg-info/dependency_links.txt
[3.213s] writing entry points to ../../build/basic_comm/basic_comm.egg-info/entry_points.txt
[3.216s] writing requirements to ../../build/basic_comm/basic_comm.egg-info/requires.txt
[3.218s] writing top-level names to ../../build/basic_comm/basic_comm.egg-info/top_level.txt
[3.224s] reading manifest file '../../build/basic_comm/basic_comm.egg-info/SOURCES.txt'
[3.226s] writing manifest file '../../build/basic_comm/basic_comm.egg-info/SOURCES.txt'
[3.227s] running build
[3.227s] running build_py
[3.231s] running install
[3.232s] running install_lib
[3.236s] running install_data
[3.238s] running install_egg_info
[3.241s] removing '/home/emitaker/ros2_ws/install/basic_comm/lib/python3.10/site-packages/basic_comm-0.0.0-py3.10.egg-info' (and everything under it)
[3.242s] Copying ../../build/basic_comm/basic_comm.egg-info to /home/emitaker/ros2_ws/install/basic_comm/lib/python3.10/site-packages/basic_comm-0.0.0-py3.10.egg-info
[3.244s] running install_scripts
[3.275s] Installing listener script to /home/emitaker/ros2_ws/install/basic_comm/lib/basic_comm
[3.277s] Installing talker script to /home/emitaker/ros2_ws/install/basic_comm/lib/basic_comm
[3.278s] writing list of installed files to '/home/emitaker/ros2_ws/build/basic_comm/install.log'
[3.334s] Invoked command in '/home/emitaker/ros2_ws/src/basic_comm' returned '0': PYTHONPATH=/home/emitaker/ros2_ws/build/basic_comm/prefix_override:/home/emitaker/.local/lib/python3.10/site-packages/colcon_core/task/python/colcon_distutils_commands:/home/emitaker/ros2_ws/install/basic_comm/lib/python3.10/site-packages:${PYTHONPATH} /usr/bin/python3 -W ignore:setup.py install is deprecated setup.py egg_info --egg-base ../../build/basic_comm build --build-base /home/emitaker/ros2_ws/build/basic_comm/build install --record /home/emitaker/ros2_ws/build/basic_comm/install.log --single-version-externally-managed install_data
