[2.069s] Invoking command in '/home/emitaker/ros2_ws/src/urdf_tutorial_r2d2': PYTHONPATH=/home/emitaker/ros2_ws/build/urdf_tutorial_r2d2/prefix_override:/home/emitaker/.local/lib/python3.10/site-packages/colcon_core/task/python/colcon_distutils_commands:/home/emitaker/ros2_ws/install/urdf_tutorial_r2d2/lib/python3.10/site-packages:${PYTHONPATH} /usr/bin/python3 -W ignore:setup.py install is deprecated setup.py egg_info --egg-base ../../build/urdf_tutorial_r2d2 build --build-base /home/emitaker/ros2_ws/build/urdf_tutorial_r2d2/build install --record /home/emitaker/ros2_ws/build/urdf_tutorial_r2d2/install.log --single-version-externally-managed install_data
[2.608s] running egg_info
[2.611s] writing ../../build/urdf_tutorial_r2d2/urdf_tutorial_r2d2.egg-info/PKG-INFO
[2.612s] writing dependency_links to ../../build/urdf_tutorial_r2d2/urdf_tutorial_r2d2.egg-info/dependency_links.txt
[2.614s] writing entry points to ../../build/urdf_tutorial_r2d2/urdf_tutorial_r2d2.egg-info/entry_points.txt
[2.615s] writing requirements to ../../build/urdf_tutorial_r2d2/urdf_tutorial_r2d2.egg-info/requires.txt
[2.615s] writing top-level names to ../../build/urdf_tutorial_r2d2/urdf_tutorial_r2d2.egg-info/top_level.txt
[2.624s] reading manifest file '../../build/urdf_tutorial_r2d2/urdf_tutorial_r2d2.egg-info/SOURCES.txt'
[2.627s] writing manifest file '../../build/urdf_tutorial_r2d2/urdf_tutorial_r2d2.egg-info/SOURCES.txt'
[2.631s] running build
[2.632s] running build_py
[2.632s] copying urdf_tutorial_r2d2/lidar_publisher_movement.py -> /home/emitaker/ros2_ws/build/urdf_tutorial_r2d2/build/lib/urdf_tutorial_r2d2
[2.633s] running install
[2.634s] running install_lib
[2.636s] copying /home/emitaker/ros2_ws/build/urdf_tutorial_r2d2/build/lib/urdf_tutorial_r2d2/lidar_publisher_movement.py -> /home/emitaker/ros2_ws/install/urdf_tutorial_r2d2/lib/python3.10/site-packages/urdf_tutorial_r2d2
[2.641s] byte-compiling /home/emitaker/ros2_ws/install/urdf_tutorial_r2d2/lib/python3.10/site-packages/urdf_tutorial_r2d2/lidar_publisher_movement.py to lidar_publisher_movement.cpython-310.pyc
[2.647s] running install_data
[2.648s] running install_egg_info
[2.653s] removing '/home/emitaker/ros2_ws/install/urdf_tutorial_r2d2/lib/python3.10/site-packages/urdf_tutorial_r2d2-0.0.0-py3.10.egg-info' (and everything under it)
[2.657s] Copying ../../build/urdf_tutorial_r2d2/urdf_tutorial_r2d2.egg-info to /home/emitaker/ros2_ws/install/urdf_tutorial_r2d2/lib/python3.10/site-packages/urdf_tutorial_r2d2-0.0.0-py3.10.egg-info
[2.659s] running install_scripts
[2.729s] Installing dynamic script to /home/emitaker/ros2_ws/install/urdf_tutorial_r2d2/lib/urdf_tutorial_r2d2
[2.730s] Installing lidar_publisher script to /home/emitaker/ros2_ws/install/urdf_tutorial_r2d2/lib/urdf_tutorial_r2d2
[2.732s] Installing lidar_publisher_movement script to /home/emitaker/ros2_ws/install/urdf_tutorial_r2d2/lib/urdf_tutorial_r2d2
[2.733s] Installing static script to /home/emitaker/ros2_ws/install/urdf_tutorial_r2d2/lib/urdf_tutorial_r2d2
[2.735s] writing list of installed files to '/home/emitaker/ros2_ws/build/urdf_tutorial_r2d2/install.log'
[2.855s] Invoked command in '/home/emitaker/ros2_ws/src/urdf_tutorial_r2d2' returned '0': PYTHONPATH=/home/emitaker/ros2_ws/build/urdf_tutorial_r2d2/prefix_override:/home/emitaker/.local/lib/python3.10/site-packages/colcon_core/task/python/colcon_distutils_commands:/home/emitaker/ros2_ws/install/urdf_tutorial_r2d2/lib/python3.10/site-packages:${PYTHONPATH} /usr/bin/python3 -W ignore:setup.py install is deprecated setup.py egg_info --egg-base ../../build/urdf_tutorial_r2d2 build --build-base /home/emitaker/ros2_ws/build/urdf_tutorial_r2d2/build install --record /home/emitaker/ros2_ws/build/urdf_tutorial_r2d2/install.log --single-version-externally-managed install_data
