[1.995s] Invoking command in '/home/emitaker/ros2_ws/src/basic_comm': PYTHONPATH=/home/emitaker/ros2_ws/build/basic_comm/prefix_override:/home/emitaker/.local/lib/python3.10/site-packages/colcon_core/task/python/colcon_distutils_commands:/home/emitaker/ros2_ws/install/basic_comm/lib/python3.10/site-packages:${PYTHONPATH} /usr/bin/python3 -W ignore:setup.py install is deprecated setup.py egg_info --egg-base ../../build/basic_comm build --build-base /home/emitaker/ros2_ws/build/basic_comm/build install --record /home/emitaker/ros2_ws/build/basic_comm/install.log --single-version-externally-managed install_data
[2.412s] running egg_info
[2.413s] writing ../../build/basic_comm/basic_comm.egg-info/PKG-INFO
[2.414s] writing dependency_links to ../../build/basic_comm/basic_comm.egg-info/dependency_links.txt
[2.415s] writing entry points to ../../build/basic_comm/basic_comm.egg-info/entry_points.txt
[2.417s] writing requirements to ../../build/basic_comm/basic_comm.egg-info/requires.txt
[2.417s] writing top-level names to ../../build/basic_comm/basic_comm.egg-info/top_level.txt
[2.422s] reading manifest file '../../build/basic_comm/basic_comm.egg-info/SOURCES.txt'
[2.423s] writing manifest file '../../build/basic_comm/basic_comm.egg-info/SOURCES.txt'
[2.424s] running build
[2.424s] running build_py
[2.425s] running install
[2.426s] running install_lib
[2.428s] running install_data
[2.428s] running install_egg_info
[2.434s] removing '/home/emitaker/ros2_ws/install/basic_comm/lib/python3.10/site-packages/basic_comm-0.0.0-py3.10.egg-info' (and everything under it)
[2.435s] Copying ../../build/basic_comm/basic_comm.egg-info to /home/emitaker/ros2_ws/install/basic_comm/lib/python3.10/site-packages/basic_comm-0.0.0-py3.10.egg-info
[2.437s] running install_scripts
[2.503s] Installing listener script to /home/emitaker/ros2_ws/install/basic_comm/lib/basic_comm
[2.504s] Installing talker script to /home/emitaker/ros2_ws/install/basic_comm/lib/basic_comm
[2.506s] writing list of installed files to '/home/emitaker/ros2_ws/build/basic_comm/install.log'
[2.585s] Invoked command in '/home/emitaker/ros2_ws/src/basic_comm' returned '0': PYTHONPATH=/home/emitaker/ros2_ws/build/basic_comm/prefix_override:/home/emitaker/.local/lib/python3.10/site-packages/colcon_core/task/python/colcon_distutils_commands:/home/emitaker/ros2_ws/install/basic_comm/lib/python3.10/site-packages:${PYTHONPATH} /usr/bin/python3 -W ignore:setup.py install is deprecated setup.py egg_info --egg-base ../../build/basic_comm build --build-base /home/emitaker/ros2_ws/build/basic_comm/build install --record /home/emitaker/ros2_ws/build/basic_comm/install.log --single-version-externally-managed install_data
