[0.316s] DEBUG:colcon:Command line arguments: ['/home/emitaker/.local/bin/colcon', 'build']
[0.316s] DEBUG:colcon:Parsed command line arguments: Namespace(log_base=None, log_level=None, verb_name='build', build_base='build', install_base='install', merge_install=False, symlink_install=False, test_result_base=None, continue_on_error=False, executor='parallel', parallel_workers=6, event_handlers=None, ignore_user_meta=False, metas=['./colcon.meta'], base_paths=['.'], packages_ignore=None, packages_ignore_regex=None, paths=None, packages_up_to=None, packages_up_to_regex=None, packages_above=None, packages_above_and_dependencies=None, packages_above_depth=None, packages_select_by_dep=None, packages_skip_by_dep=None, packages_skip_up_to=None, packages_select_build_failed=False, packages_skip_build_finished=False, packages_select_test_failures=False, packages_skip_test_passed=False, packages_select=None, packages_skip=None, packages_select_regex=None, packages_skip_regex=None, packages_start=None, packages_end=None, allow_overriding=[], cmake_args=None, cmake_target=None, cmake_target_skip_unavailable=False, cmake_clean_cache=False, cmake_clean_first=False, cmake_force_configure=False, ament_cmake_args=None, catkin_cmake_args=None, catkin_skip_building_tests=False, verb_parser=<colcon_defaults.argument_parser.defaults.DefaultArgumentsDecorator object at 0x7062f076e680>, verb_extension=<colcon_core.verb.build.BuildVerb object at 0x7062f076e0b0>, main=<bound method BuildVerb.main of <colcon_core.verb.build.BuildVerb object at 0x7062f076e0b0>>)
[0.633s] Level 1:colcon.colcon_core.package_discovery:discover_packages(colcon_meta) check parameters
[0.634s] Level 1:colcon.colcon_core.package_discovery:discover_packages(recursive) check parameters
[0.634s] Level 1:colcon.colcon_core.package_discovery:discover_packages(ignore) check parameters
[0.634s] Level 1:colcon.colcon_core.package_discovery:discover_packages(path) check parameters
[0.634s] Level 1:colcon.colcon_core.package_discovery:discover_packages(colcon_meta) discover
[0.634s] Level 1:colcon.colcon_core.package_discovery:discover_packages(recursive) discover
[0.634s] INFO:colcon.colcon_core.package_discovery:Crawling recursively for packages in '/home/emitaker/ros2_ws'
[0.634s] Level 1:colcon.colcon_core.package_identification:_identify(.) by extensions ['ignore', 'ignore_ament_install']
[0.634s] Level 1:colcon.colcon_core.package_identification:_identify(.) by extension 'ignore'
[0.635s] Level 1:colcon.colcon_core.package_identification:_identify(.) by extension 'ignore_ament_install'
[0.635s] Level 1:colcon.colcon_core.package_identification:_identify(.) by extensions ['colcon_pkg']
[0.635s] Level 1:colcon.colcon_core.package_identification:_identify(.) by extension 'colcon_pkg'
[0.635s] Level 1:colcon.colcon_core.package_identification:_identify(.) by extensions ['colcon_meta']
[0.635s] Level 1:colcon.colcon_core.package_identification:_identify(.) by extension 'colcon_meta'
[0.635s] Level 1:colcon.colcon_core.package_identification:_identify(.) by extensions ['ros']
[0.635s] Level 1:colcon.colcon_core.package_identification:_identify(.) by extension 'ros'
[0.655s] Level 1:colcon.colcon_core.package_identification:_identify(.) by extensions ['cmake', 'python']
[0.655s] Level 1:colcon.colcon_core.package_identification:_identify(.) by extension 'cmake'
[0.655s] Level 1:colcon.colcon_core.package_identification:_identify(.) by extension 'python'
[0.655s] Level 1:colcon.colcon_core.package_identification:_identify(.) by extensions ['python_setup_py']
[0.655s] Level 1:colcon.colcon_core.package_identification:_identify(.) by extension 'python_setup_py'
[0.656s] Level 1:colcon.colcon_core.package_identification:_identify(build) by extensions ['ignore', 'ignore_ament_install']
[0.656s] Level 1:colcon.colcon_core.package_identification:_identify(build) by extension 'ignore'
[0.657s] Level 1:colcon.colcon_core.package_identification:_identify(build) ignored
[0.657s] Level 1:colcon.colcon_core.package_identification:_identify(install) by extensions ['ignore', 'ignore_ament_install']
[0.657s] Level 1:colcon.colcon_core.package_identification:_identify(install) by extension 'ignore'
[0.657s] Level 1:colcon.colcon_core.package_identification:_identify(install) ignored
[0.658s] Level 1:colcon.colcon_core.package_identification:_identify(log) by extensions ['ignore', 'ignore_ament_install']
[0.658s] Level 1:colcon.colcon_core.package_identification:_identify(log) by extension 'ignore'
[0.658s] Level 1:colcon.colcon_core.package_identification:_identify(log) ignored
[0.658s] Level 1:colcon.colcon_core.package_identification:_identify(src) by extensions ['ignore', 'ignore_ament_install']
[0.658s] Level 1:colcon.colcon_core.package_identification:_identify(src) by extension 'ignore'
[0.658s] Level 1:colcon.colcon_core.package_identification:_identify(src) by extension 'ignore_ament_install'
[0.658s] Level 1:colcon.colcon_core.package_identification:_identify(src) by extensions ['colcon_pkg']
[0.658s] Level 1:colcon.colcon_core.package_identification:_identify(src) by extension 'colcon_pkg'
[0.658s] Level 1:colcon.colcon_core.package_identification:_identify(src) by extensions ['colcon_meta']
[0.658s] Level 1:colcon.colcon_core.package_identification:_identify(src) by extension 'colcon_meta'
[0.658s] Level 1:colcon.colcon_core.package_identification:_identify(src) by extensions ['ros']
[0.658s] Level 1:colcon.colcon_core.package_identification:_identify(src) by extension 'ros'
[0.659s] Level 1:colcon.colcon_core.package_identification:_identify(src) by extensions ['cmake', 'python']
[0.659s] Level 1:colcon.colcon_core.package_identification:_identify(src) by extension 'cmake'
[0.659s] Level 1:colcon.colcon_core.package_identification:_identify(src) by extension 'python'
[0.659s] Level 1:colcon.colcon_core.package_identification:_identify(src) by extensions ['python_setup_py']
[0.659s] Level 1:colcon.colcon_core.package_identification:_identify(src) by extension 'python_setup_py'
[0.659s] Level 1:colcon.colcon_core.package_identification:_identify(src/basic_comm) by extensions ['ignore', 'ignore_ament_install']
[0.659s] Level 1:colcon.colcon_core.package_identification:_identify(src/basic_comm) by extension 'ignore'
[0.659s] Level 1:colcon.colcon_core.package_identification:_identify(src/basic_comm) by extension 'ignore_ament_install'
[0.659s] Level 1:colcon.colcon_core.package_identification:_identify(src/basic_comm) by extensions ['colcon_pkg']
[0.659s] Level 1:colcon.colcon_core.package_identification:_identify(src/basic_comm) by extension 'colcon_pkg'
[0.659s] Level 1:colcon.colcon_core.package_identification:_identify(src/basic_comm) by extensions ['colcon_meta']
[0.659s] Level 1:colcon.colcon_core.package_identification:_identify(src/basic_comm) by extension 'colcon_meta'
[0.660s] Level 1:colcon.colcon_core.package_identification:_identify(src/basic_comm) by extensions ['ros']
[0.660s] Level 1:colcon.colcon_core.package_identification:_identify(src/basic_comm) by extension 'ros'
[0.668s] DEBUG:colcon.colcon_core.package_identification:Package 'src/basic_comm' with type 'ros.ament_python' and name 'basic_comm'
[0.668s] Level 1:colcon.colcon_core.package_identification:_identify(src/urdf_tutorial_r2d2) by extensions ['ignore', 'ignore_ament_install']
[0.669s] Level 1:colcon.colcon_core.package_identification:_identify(src/urdf_tutorial_r2d2) by extension 'ignore'
[0.669s] Level 1:colcon.colcon_core.package_identification:_identify(src/urdf_tutorial_r2d2) by extension 'ignore_ament_install'
[0.669s] Level 1:colcon.colcon_core.package_identification:_identify(src/urdf_tutorial_r2d2) by extensions ['colcon_pkg']
[0.669s] Level 1:colcon.colcon_core.package_identification:_identify(src/urdf_tutorial_r2d2) by extension 'colcon_pkg'
[0.669s] Level 1:colcon.colcon_core.package_identification:_identify(src/urdf_tutorial_r2d2) by extensions ['colcon_meta']
[0.669s] Level 1:colcon.colcon_core.package_identification:_identify(src/urdf_tutorial_r2d2) by extension 'colcon_meta'
[0.670s] Level 1:colcon.colcon_core.package_identification:_identify(src/urdf_tutorial_r2d2) by extensions ['ros']
[0.670s] Level 1:colcon.colcon_core.package_identification:_identify(src/urdf_tutorial_r2d2) by extension 'ros'
[0.672s] DEBUG:colcon.colcon_core.package_identification:Package 'src/urdf_tutorial_r2d2' with type 'ros.ament_python' and name 'urdf_tutorial_r2d2'
[0.672s] Level 1:colcon.colcon_core.package_discovery:discover_packages(recursive) using defaults
[0.673s] Level 1:colcon.colcon_core.package_discovery:discover_packages(ignore) discover
[0.673s] Level 1:colcon.colcon_core.package_discovery:discover_packages(ignore) using defaults
[0.673s] Level 1:colcon.colcon_core.package_discovery:discover_packages(path) discover
[0.673s] Level 1:colcon.colcon_core.package_discovery:discover_packages(path) using defaults
[0.722s] Level 1:colcon.colcon_core.package_discovery:discover_packages(prefix_path) check parameters
[0.722s] Level 1:colcon.colcon_core.package_discovery:discover_packages(prefix_path) discover
[0.727s] DEBUG:colcon.colcon_installed_package_information.package_discovery:Found 3 installed packages in /home/emitaker/ros2_ws/install
[0.730s] DEBUG:colcon.colcon_installed_package_information.package_discovery:Found 283 installed packages in /opt/ros/humble
[0.732s] Level 1:colcon.colcon_core.package_discovery:discover_packages(prefix_path) using defaults
[0.843s] Level 5:colcon.colcon_core.verb:set package 'basic_comm' build argument 'cmake_args' from command line to 'None'
[0.843s] Level 5:colcon.colcon_core.verb:set package 'basic_comm' build argument 'cmake_target' from command line to 'None'
[0.843s] Level 5:colcon.colcon_core.verb:set package 'basic_comm' build argument 'cmake_target_skip_unavailable' from command line to 'False'
[0.844s] Level 5:colcon.colcon_core.verb:set package 'basic_comm' build argument 'cmake_clean_cache' from command line to 'False'
[0.844s] Level 5:colcon.colcon_core.verb:set package 'basic_comm' build argument 'cmake_clean_first' from command line to 'False'
[0.844s] Level 5:colcon.colcon_core.verb:set package 'basic_comm' build argument 'cmake_force_configure' from command line to 'False'
[0.844s] Level 5:colcon.colcon_core.verb:set package 'basic_comm' build argument 'ament_cmake_args' from command line to 'None'
[0.844s] Level 5:colcon.colcon_core.verb:set package 'basic_comm' build argument 'catkin_cmake_args' from command line to 'None'
[0.844s] Level 5:colcon.colcon_core.verb:set package 'basic_comm' build argument 'catkin_skip_building_tests' from command line to 'False'
[0.844s] DEBUG:colcon.colcon_core.verb:Building package 'basic_comm' with the following arguments: {'ament_cmake_args': None, 'build_base': '/home/emitaker/ros2_ws/build/basic_comm', 'catkin_cmake_args': None, 'catkin_skip_building_tests': False, 'cmake_args': None, 'cmake_clean_cache': False, 'cmake_clean_first': False, 'cmake_force_configure': False, 'cmake_target': None, 'cmake_target_skip_unavailable': False, 'install_base': '/home/emitaker/ros2_ws/install/basic_comm', 'merge_install': False, 'path': '/home/emitaker/ros2_ws/src/basic_comm', 'symlink_install': False, 'test_result_base': None}
[0.844s] Level 5:colcon.colcon_core.verb:set package 'urdf_tutorial_r2d2' build argument 'cmake_args' from command line to 'None'
[0.845s] Level 5:colcon.colcon_core.verb:set package 'urdf_tutorial_r2d2' build argument 'cmake_target' from command line to 'None'
[0.845s] Level 5:colcon.colcon_core.verb:set package 'urdf_tutorial_r2d2' build argument 'cmake_target_skip_unavailable' from command line to 'False'
[0.845s] Level 5:colcon.colcon_core.verb:set package 'urdf_tutorial_r2d2' build argument 'cmake_clean_cache' from command line to 'False'
[0.845s] Level 5:colcon.colcon_core.verb:set package 'urdf_tutorial_r2d2' build argument 'cmake_clean_first' from command line to 'False'
[0.845s] Level 5:colcon.colcon_core.verb:set package 'urdf_tutorial_r2d2' build argument 'cmake_force_configure' from command line to 'False'
[0.845s] Level 5:colcon.colcon_core.verb:set package 'urdf_tutorial_r2d2' build argument 'ament_cmake_args' from command line to 'None'
[0.845s] Level 5:colcon.colcon_core.verb:set package 'urdf_tutorial_r2d2' build argument 'catkin_cmake_args' from command line to 'None'
[0.845s] Level 5:colcon.colcon_core.verb:set package 'urdf_tutorial_r2d2' build argument 'catkin_skip_building_tests' from command line to 'False'
[0.845s] DEBUG:colcon.colcon_core.verb:Building package 'urdf_tutorial_r2d2' with the following arguments: {'ament_cmake_args': None, 'build_base': '/home/emitaker/ros2_ws/build/urdf_tutorial_r2d2', 'catkin_cmake_args': None, 'catkin_skip_building_tests': False, 'cmake_args': None, 'cmake_clean_cache': False, 'cmake_clean_first': False, 'cmake_force_configure': False, 'cmake_target': None, 'cmake_target_skip_unavailable': False, 'install_base': '/home/emitaker/ros2_ws/install/urdf_tutorial_r2d2', 'merge_install': False, 'path': '/home/emitaker/ros2_ws/src/urdf_tutorial_r2d2', 'symlink_install': False, 'test_result_base': None}
[0.845s] INFO:colcon.colcon_core.executor:Executing jobs using 'parallel' executor
[0.847s] DEBUG:colcon.colcon_parallel_executor.executor.parallel:run_until_complete
[0.848s] INFO:colcon.colcon_ros.task.ament_python.build:Building ROS package in '/home/emitaker/ros2_ws/src/basic_comm' with build type 'ament_python'
[0.848s] Level 1:colcon.colcon_core.shell:create_environment_hook('basic_comm', 'ament_prefix_path')
[0.855s] INFO:colcon.colcon_core.plugin_system:Skipping extension 'colcon_core.shell.bat': Not used on non-Windows systems
[0.856s] INFO:colcon.colcon_core.shell:Creating environment hook '/home/emitaker/ros2_ws/install/basic_comm/share/basic_comm/hook/ament_prefix_path.ps1'
[0.857s] INFO:colcon.colcon_core.shell:Creating environment descriptor '/home/emitaker/ros2_ws/install/basic_comm/share/basic_comm/hook/ament_prefix_path.dsv'
[0.858s] INFO:colcon.colcon_core.shell:Creating environment hook '/home/emitaker/ros2_ws/install/basic_comm/share/basic_comm/hook/ament_prefix_path.sh'
[0.860s] INFO:colcon.colcon_core.shell:Skip shell extension 'powershell' for command environment: Not usable outside of PowerShell
[0.861s] DEBUG:colcon.colcon_core.shell:Skip shell extension 'dsv' for command environment
[0.870s] INFO:colcon.colcon_ros.task.ament_python.build:Building ROS package in '/home/emitaker/ros2_ws/src/urdf_tutorial_r2d2' with build type 'ament_python'
[0.870s] Level 1:colcon.colcon_core.shell:create_environment_hook('urdf_tutorial_r2d2', 'ament_prefix_path')
[0.871s] INFO:colcon.colcon_core.shell:Creating environment hook '/home/emitaker/ros2_ws/install/urdf_tutorial_r2d2/share/urdf_tutorial_r2d2/hook/ament_prefix_path.ps1'
[0.874s] INFO:colcon.colcon_core.shell:Creating environment descriptor '/home/emitaker/ros2_ws/install/urdf_tutorial_r2d2/share/urdf_tutorial_r2d2/hook/ament_prefix_path.dsv'
[0.876s] INFO:colcon.colcon_core.shell:Creating environment hook '/home/emitaker/ros2_ws/install/urdf_tutorial_r2d2/share/urdf_tutorial_r2d2/hook/ament_prefix_path.sh'
[0.879s] INFO:colcon.colcon_core.shell:Skip shell extension 'powershell' for command environment: Not usable outside of PowerShell
[0.879s] DEBUG:colcon.colcon_core.shell:Skip shell extension 'dsv' for command environment
[1.454s] INFO:colcon.colcon_core.task.python.build:Building Python package in '/home/emitaker/ros2_ws/src/basic_comm'
[1.455s] INFO:colcon.colcon_core.shell:Skip shell extension 'powershell' for command environment: Not usable outside of PowerShell
[1.455s] DEBUG:colcon.colcon_core.shell:Skip shell extension 'dsv' for command environment
[2.024s] INFO:colcon.colcon_core.task.python.build:Building Python package in '/home/emitaker/ros2_ws/src/urdf_tutorial_r2d2'
[2.026s] INFO:colcon.colcon_core.shell:Skip shell extension 'powershell' for command environment: Not usable outside of PowerShell
[2.026s] DEBUG:colcon.colcon_core.shell:Skip shell extension 'dsv' for command environment
[2.832s] DEBUG:colcon.colcon_core.event_handler.log_command:Invoking command in '/home/emitaker/ros2_ws/src/basic_comm': PYTHONPATH=/home/emitaker/ros2_ws/build/basic_comm/prefix_override:/home/emitaker/.local/lib/python3.10/site-packages/colcon_core/task/python/colcon_distutils_commands:/home/emitaker/ros2_ws/install/basic_comm/lib/python3.10/site-packages:${PYTHONPATH} /usr/bin/python3 -W ignore:setup.py install is deprecated setup.py egg_info --egg-base ../../build/basic_comm build --build-base /home/emitaker/ros2_ws/build/basic_comm/build install --record /home/emitaker/ros2_ws/build/basic_comm/install.log --single-version-externally-managed install_data
[2.949s] DEBUG:colcon.colcon_core.event_handler.log_command:Invoking command in '/home/emitaker/ros2_ws/src/urdf_tutorial_r2d2': PYTHONPATH=/home/emitaker/ros2_ws/build/urdf_tutorial_r2d2/prefix_override:/home/emitaker/.local/lib/python3.10/site-packages/colcon_core/task/python/colcon_distutils_commands:/home/emitaker/ros2_ws/install/urdf_tutorial_r2d2/lib/python3.10/site-packages:${PYTHONPATH} /usr/bin/python3 -W ignore:setup.py install is deprecated setup.py egg_info --egg-base ../../build/urdf_tutorial_r2d2 build --build-base /home/emitaker/ros2_ws/build/urdf_tutorial_r2d2/build install --record /home/emitaker/ros2_ws/build/urdf_tutorial_r2d2/install.log --single-version-externally-managed install_data
[3.509s] DEBUG:colcon.colcon_core.event_handler.log_command:Invoked command in '/home/emitaker/ros2_ws/src/basic_comm' returned '0': PYTHONPATH=/home/emitaker/ros2_ws/build/basic_comm/prefix_override:/home/emitaker/.local/lib/python3.10/site-packages/colcon_core/task/python/colcon_distutils_commands:/home/emitaker/ros2_ws/install/basic_comm/lib/python3.10/site-packages:${PYTHONPATH} /usr/bin/python3 -W ignore:setup.py install is deprecated setup.py egg_info --egg-base ../../build/basic_comm build --build-base /home/emitaker/ros2_ws/build/basic_comm/build install --record /home/emitaker/ros2_ws/build/basic_comm/install.log --single-version-externally-managed install_data
[3.520s] Level 1:colcon.colcon_core.environment:checking '/home/emitaker/ros2_ws/install/basic_comm' for CMake module files
[3.521s] Level 1:colcon.colcon_core.environment:checking '/home/emitaker/ros2_ws/install/basic_comm' for CMake config files
[3.522s] Level 1:colcon.colcon_core.environment:checking '/home/emitaker/ros2_ws/install/basic_comm/lib'
[3.523s] Level 1:colcon.colcon_core.environment:checking '/home/emitaker/ros2_ws/install/basic_comm/bin'
[3.523s] Level 1:colcon.colcon_core.environment:checking '/home/emitaker/ros2_ws/install/basic_comm/lib/pkgconfig/basic_comm.pc'
[3.523s] Level 1:colcon.colcon_core.environment:checking '/home/emitaker/ros2_ws/install/basic_comm/lib/python3.10/site-packages'
[3.523s] Level 1:colcon.colcon_core.shell:create_environment_hook('basic_comm', 'pythonpath')
[3.524s] INFO:colcon.colcon_core.shell:Creating environment hook '/home/emitaker/ros2_ws/install/basic_comm/share/basic_comm/hook/pythonpath.ps1'
[3.527s] INFO:colcon.colcon_core.shell:Creating environment descriptor '/home/emitaker/ros2_ws/install/basic_comm/share/basic_comm/hook/pythonpath.dsv'
[3.531s] INFO:colcon.colcon_core.shell:Creating environment hook '/home/emitaker/ros2_ws/install/basic_comm/share/basic_comm/hook/pythonpath.sh'
[3.536s] Level 1:colcon.colcon_core.environment:checking '/home/emitaker/ros2_ws/install/basic_comm/bin'
[3.537s] Level 1:colcon.colcon_core.environment:create_environment_scripts_only(basic_comm)
[3.538s] INFO:colcon.colcon_core.shell:Creating package script '/home/emitaker/ros2_ws/install/basic_comm/share/basic_comm/package.ps1'
[3.543s] INFO:colcon.colcon_core.shell:Creating package descriptor '/home/emitaker/ros2_ws/install/basic_comm/share/basic_comm/package.dsv'
[3.546s] INFO:colcon.colcon_core.shell:Creating package script '/home/emitaker/ros2_ws/install/basic_comm/share/basic_comm/package.sh'
[3.550s] INFO:colcon.colcon_core.shell:Creating package script '/home/emitaker/ros2_ws/install/basic_comm/share/basic_comm/package.bash'
[3.552s] INFO:colcon.colcon_core.shell:Creating package script '/home/emitaker/ros2_ws/install/basic_comm/share/basic_comm/package.zsh'
[3.556s] Level 1:colcon.colcon_core.environment:create_file_with_runtime_dependencies(/home/emitaker/ros2_ws/install/basic_comm/share/colcon-core/packages/basic_comm)
[3.765s] Level 1:colcon.colcon_core.environment:checking '/home/emitaker/ros2_ws/install/urdf_tutorial_r2d2' for CMake module files
[3.766s] DEBUG:colcon.colcon_core.event_handler.log_command:Invoked command in '/home/emitaker/ros2_ws/src/urdf_tutorial_r2d2' returned '0': PYTHONPATH=/home/emitaker/ros2_ws/build/urdf_tutorial_r2d2/prefix_override:/home/emitaker/.local/lib/python3.10/site-packages/colcon_core/task/python/colcon_distutils_commands:/home/emitaker/ros2_ws/install/urdf_tutorial_r2d2/lib/python3.10/site-packages:${PYTHONPATH} /usr/bin/python3 -W ignore:setup.py install is deprecated setup.py egg_info --egg-base ../../build/urdf_tutorial_r2d2 build --build-base /home/emitaker/ros2_ws/build/urdf_tutorial_r2d2/build install --record /home/emitaker/ros2_ws/build/urdf_tutorial_r2d2/install.log --single-version-externally-managed install_data
[3.768s] Level 1:colcon.colcon_core.environment:checking '/home/emitaker/ros2_ws/install/urdf_tutorial_r2d2' for CMake config files
[3.769s] Level 1:colcon.colcon_core.environment:checking '/home/emitaker/ros2_ws/install/urdf_tutorial_r2d2/lib'
[3.769s] Level 1:colcon.colcon_core.environment:checking '/home/emitaker/ros2_ws/install/urdf_tutorial_r2d2/bin'
[3.770s] Level 1:colcon.colcon_core.environment:checking '/home/emitaker/ros2_ws/install/urdf_tutorial_r2d2/lib/pkgconfig/urdf_tutorial_r2d2.pc'
[3.770s] Level 1:colcon.colcon_core.environment:checking '/home/emitaker/ros2_ws/install/urdf_tutorial_r2d2/lib/python3.10/site-packages'
[3.770s] Level 1:colcon.colcon_core.shell:create_environment_hook('urdf_tutorial_r2d2', 'pythonpath')
[3.771s] INFO:colcon.colcon_core.shell:Creating environment hook '/home/emitaker/ros2_ws/install/urdf_tutorial_r2d2/share/urdf_tutorial_r2d2/hook/pythonpath.ps1'
[3.774s] INFO:colcon.colcon_core.shell:Creating environment descriptor '/home/emitaker/ros2_ws/install/urdf_tutorial_r2d2/share/urdf_tutorial_r2d2/hook/pythonpath.dsv'
[3.776s] INFO:colcon.colcon_core.shell:Creating environment hook '/home/emitaker/ros2_ws/install/urdf_tutorial_r2d2/share/urdf_tutorial_r2d2/hook/pythonpath.sh'
[3.777s] Level 1:colcon.colcon_core.environment:checking '/home/emitaker/ros2_ws/install/urdf_tutorial_r2d2/bin'
[3.778s] Level 1:colcon.colcon_core.environment:create_environment_scripts_only(urdf_tutorial_r2d2)
[3.779s] INFO:colcon.colcon_core.shell:Creating package script '/home/emitaker/ros2_ws/install/urdf_tutorial_r2d2/share/urdf_tutorial_r2d2/package.ps1'
[3.782s] INFO:colcon.colcon_core.shell:Creating package descriptor '/home/emitaker/ros2_ws/install/urdf_tutorial_r2d2/share/urdf_tutorial_r2d2/package.dsv'
[3.784s] INFO:colcon.colcon_core.shell:Creating package script '/home/emitaker/ros2_ws/install/urdf_tutorial_r2d2/share/urdf_tutorial_r2d2/package.sh'
[3.786s] INFO:colcon.colcon_core.shell:Creating package script '/home/emitaker/ros2_ws/install/urdf_tutorial_r2d2/share/urdf_tutorial_r2d2/package.bash'
[3.789s] INFO:colcon.colcon_core.shell:Creating package script '/home/emitaker/ros2_ws/install/urdf_tutorial_r2d2/share/urdf_tutorial_r2d2/package.zsh'
[3.792s] Level 1:colcon.colcon_core.environment:create_file_with_runtime_dependencies(/home/emitaker/ros2_ws/install/urdf_tutorial_r2d2/share/colcon-core/packages/urdf_tutorial_r2d2)
[3.793s] DEBUG:colcon.colcon_parallel_executor.executor.parallel:closing loop
[3.794s] DEBUG:colcon.colcon_parallel_executor.executor.parallel:loop closed
[3.795s] DEBUG:colcon.colcon_parallel_executor.executor.parallel:run_until_complete finished with '0'
[3.795s] DEBUG:colcon.colcon_core.event_reactor:joining thread
[3.822s] INFO:colcon.colcon_core.plugin_system:Skipping extension 'colcon_notification.desktop_notification.terminal_notifier': Not used on non-Darwin systems
[3.823s] INFO:colcon.colcon_core.plugin_system:Skipping extension 'colcon_notification.desktop_notification.win32': Not used on non-Windows systems
[3.823s] INFO:colcon.colcon_notification.desktop_notification:Sending desktop notification using 'notify2'
[3.886s] DEBUG:colcon.colcon_core.event_reactor:joined thread
[3.887s] INFO:colcon.colcon_core.shell:Creating prefix script '/home/emitaker/ros2_ws/install/local_setup.ps1'
[3.889s] INFO:colcon.colcon_core.shell:Creating prefix util module '/home/emitaker/ros2_ws/install/_local_setup_util_ps1.py'
[3.892s] INFO:colcon.colcon_core.shell:Creating prefix chain script '/home/emitaker/ros2_ws/install/setup.ps1'
[3.895s] INFO:colcon.colcon_core.shell:Creating prefix script '/home/emitaker/ros2_ws/install/local_setup.sh'
[3.898s] INFO:colcon.colcon_core.shell:Creating prefix util module '/home/emitaker/ros2_ws/install/_local_setup_util_sh.py'
[3.899s] INFO:colcon.colcon_core.shell:Creating prefix chain script '/home/emitaker/ros2_ws/install/setup.sh'
[3.903s] INFO:colcon.colcon_core.shell:Creating prefix script '/home/emitaker/ros2_ws/install/local_setup.bash'
[3.905s] INFO:colcon.colcon_core.shell:Creating prefix chain script '/home/emitaker/ros2_ws/install/setup.bash'
[3.907s] INFO:colcon.colcon_core.shell:Creating prefix script '/home/emitaker/ros2_ws/install/local_setup.zsh'
[3.909s] INFO:colcon.colcon_core.shell:Creating prefix chain script '/home/emitaker/ros2_ws/install/setup.zsh'
